Log file open, 12/13/22 18:32:16
LogWindows: Failed to load 'aqProf.dll' (GetLastError=126)
LogWindows: File 'aqProf.dll' does not exist
LogWindows: Failed to load 'VtuneApi.dll' (GetLastError=126)
LogWindows: File 'VtuneApi.dll' does not exist
LogWindows: Failed to load 'VtuneApi32e.dll' (GetLastError=126)
LogWindows: File 'VtuneApi32e.dll' does not exist
LogConsoleResponse: Display: Failed to find resolution value strings in scalability ini. Falling back to default.
LogConsoleResponse: Display: Failed to find resolution value strings in scalability ini. Falling back to default.
LogInit: Display: Running engine for game: Arcanoid
LogPlatformFile: Not using cached read wrapper
LogTaskGraph: Started task graph with 5 named threads and 23 total threads with 3 sets of task threads.
LogStats: Stats thread started at 0.382461
LogICUInternationalization: ICU TimeZone Detection - Raw Offset: -4:00, Platform Override: ''
LogInit: Display: Loading text-based GConfig....
LogPluginManager: Mounting plugin MeshPainting
LogPluginManager: Mounting plugin XGEController
LogPluginManager: Mounting plugin Paper2D
LogPluginManager: Mounting plugin LiveLink
LogPluginManager: Mounting plugin AISupport
LogPluginManager: Mounting plugin EnvironmentQueryEditor
LogPluginManager: Mounting plugin CameraShakePreviewer
LogPluginManager: Mounting plugin GameplayCameras
LogPluginManager: Mounting plugin LightPropagationVolume
LogPluginManager: Mounting plugin OodleNetwork
LogPluginManager: Mounting plugin OodleData
LogPluginManager: Mounting plugin AnimationSharing
LogPluginManager: Mounting plugin CLionSourceCodeAccess
LogPluginManager: Mounting plugin GitSourceControl
LogPluginManager: Mounting plugin PerforceSourceControl
LogPluginManager: Mounting plugin PixWinPlugin
LogPluginManager: Mounting plugin CodeLiteSourceCodeAccess
LogPluginManager: Mounting plugin PluginUtils
LogPluginManager: Mounting plugin PlasticSourceControl
LogPluginManager: Mounting plugin PropertyAccessNode
LogPluginManager: Mounting plugin KDevelopSourceCodeAccess
LogPluginManager: Mounting plugin RiderSourceCodeAccess
LogPluginManager: Mounting plugin NullSourceCodeAccess
LogPluginManager: Mounting plugin SubversionSourceControl
LogPluginManager: Mounting plugin TextureFormatOodle
LogPluginManager: Mounting plugin UObjectPlugin
LogPluginManager: Mounting plugin VisualStudioCodeSourceCodeAccess
LogPluginManager: Mounting plugin VisualStudioSourceCodeAccess
LogPluginManager: Mounting plugin AssetManagerEditor
LogPluginManager: Mounting plugin CryptoKeys
LogPluginManager: Mounting plugin CurveEditorTools
LogPluginManager: Mounting plugin DataValidation
LogPluginManager: Mounting plugin FacialAnimation
LogPluginManager: Mounting plugin GameplayTagsEditor
LogPluginManager: Mounting plugin GeometryMode
LogPluginManager: Mounting plugin MaterialAnalyzer
LogPluginManager: Mounting plugin XCodeSourceCodeAccess
LogPluginManager: Mounting plugin MacGraphicsSwitching
LogPluginManager: Mounting plugin MobileLauncherProfileWizard
LogPluginManager: Mounting plugin PluginBrowser
LogPluginManager: Mounting plugin SpeedTreeImporter
LogPluginManager: Mounting plugin DatasmithContent
LogPluginManager: Mounting plugin Niagara
LogPluginManager: Mounting plugin VariantManagerContent
LogPluginManager: Mounting plugin MagicLeap
LogPluginManager: Mounting plugin LuminPlatformFeatures
LogPluginManager: Mounting plugin MagicLeapLightEstimation
LogPluginManager: Mounting plugin MagicLeapMedia
LogPluginManager: Mounting plugin MagicLeapPassableWorld
LogPluginManager: Mounting plugin MLSDK
LogPluginManager: Mounting plugin AndroidMedia
LogPluginManager: Mounting plugin AvfMedia
LogPluginManager: Mounting plugin ImgMedia
LogPluginManager: Mounting plugin MediaCompositing
LogPluginManager: Mounting plugin WebMMedia
LogPluginManager: Mounting plugin WmfMedia
LogPluginManager: Mounting plugin TcpMessaging
LogPluginManager: Mounting plugin AlembicImporter
LogPluginManager: Mounting plugin UdpMessaging
LogPluginManager: Mounting plugin BackChannel
LogPluginManager: Mounting plugin AutomationUtils
LogPluginManager: Mounting plugin ChaosClothEditor
LogPluginManager: Mounting plugin ChaosCloth
LogPluginManager: Mounting plugin ChaosEditor
LogPluginManager: Mounting plugin ChaosNiagara
LogPluginManager: Mounting plugin ChaosSolverPlugin
LogPluginManager: Mounting plugin CharacterAI
LogPluginManager: Mounting plugin MediaPlayerEditor
LogPluginManager: Mounting plugin GeometryCache
LogPluginManager: Mounting plugin GeometryCollectionPlugin
LogPluginManager: Mounting plugin LevelSequenceEditor
LogPluginManager: Mounting plugin ActorSequence
LogPluginManager: Mounting plugin MatineeToLevelSequence
LogPluginManager: Mounting plugin GeometryProcessing
LogPluginManager: Mounting plugin TemplateSequence
LogPluginManager: Mounting plugin MotoSynth
LogPluginManager: Mounting plugin OpenImageDenoise
LogPluginManager: Mounting plugin PlanarCut
LogPluginManager: Mounting plugin PlatformCrypto
LogPluginManager: Mounting plugin ProxyLODPlugin
LogPluginManager: Mounting plugin PythonScriptPlugin
LogPluginManager: Mounting plugin SkeletalReduction
LogPluginManager: Mounting plugin OnlineSubsystem
LogPluginManager: Mounting plugin OnlineSubsystemNull
LogPluginManager: Mounting plugin OnlineSubsystemUtils
LogPluginManager: Mounting plugin LauncherChunkInstaller
LogPluginManager: Mounting plugin ActorLayerUtilities
LogPluginManager: Mounting plugin AndroidDeviceProfileSelector
LogPluginManager: Mounting plugin AndroidPermission
LogPluginManager: Mounting plugin AppleImageUtils
LogPluginManager: Mounting plugin ArchVisCharacter
LogPluginManager: Mounting plugin AndroidMoviePlayer
LogPluginManager: Mounting plugin AssetTags
LogPluginManager: Mounting plugin ScreenshotTools
LogPluginManager: Mounting plugin AudioCapture
LogPluginManager: Mounting plugin AudioSynesthesia
LogPluginManager: Mounting plugin ChunkDownloader
LogPluginManager: Mounting plugin CableComponent
LogPluginManager: Mounting plugin AppleMoviePlayer
LogPluginManager: Mounting plugin CustomMeshComponent
LogPluginManager: Mounting plugin EditableMesh
LogPluginManager: Mounting plugin ExampleDeviceProfileSelector
LogPluginManager: Mounting plugin GooglePAD
LogPluginManager: Mounting plugin GoogleCloudMessaging
LogPluginManager: Mounting plugin LocationServicesBPLibrary
LogPluginManager: Mounting plugin MobilePatchingUtils
LogPluginManager: Mounting plugin LinuxDeviceProfileSelector
LogPluginManager: Mounting plugin OpenXR
LogPluginManager: Mounting plugin OpenXREyeTracker
LogPluginManager: Mounting plugin IOSDeviceProfileSelector
LogPluginManager: Mounting plugin PhysXVehicles
LogPluginManager: Mounting plugin OpenXRHandTracking
LogPluginManager: Mounting plugin Takes
LogPluginManager: Mounting plugin PostSplashScreen
LogPluginManager: Mounting plugin PropertyAccessEditor
LogPluginManager: Mounting plugin ProceduralMeshComponent
LogPluginManager: Mounting plugin RuntimePhysXCooking
LogPluginManager: Mounting plugin SoundFields
LogPluginManager: Mounting plugin Synthesis
LogPluginManager: Mounting plugin WebMMoviePlayer
LogPluginManager: Mounting plugin WindowsMoviePlayer
LogPluginManager: Mounting plugin SignificanceManager
LogPluginManager: Mounting plugin ContentBrowserAssetDataSource
LogPluginManager: Mounting plugin ContentBrowserClassDataSource
LogPluginManager: Mounting plugin ContentBrowserFileDataSource
LogPluginManager: Mounting plugin OnlineSubsystemGooglePlay
LogPluginManager: Mounting plugin OnlineSubsystemIOS
LogPluginManager: Mounting plugin OculusVR
LogPluginManager: Mounting plugin SteamVR
PixWinPlugin: PIX capture plugin failed to initialize! Check that the process is launched from PIX.
LogInit: Using libcurl 7.55.1-DEV
LogInit:  - built for x86_64-pc-win32
LogInit:  - supports SSL with OpenSSL/1.1.1
LogInit:  - supports HTTP deflate (compression) using libz 1.2.8
LogInit:  - other features:
LogInit:      CURL_VERSION_SSL
LogInit:      CURL_VERSION_LIBZ
LogInit:      CURL_VERSION_IPV6
LogInit:      CURL_VERSION_ASYNCHDNS
LogInit:      CURL_VERSION_LARGEFILE
LogInit:      CURL_VERSION_IDN
LogInit:  CurlRequestOptions (configurable via config and command line):
LogInit:  - bVerifyPeer = true  - Libcurl will verify peer certificate
LogInit:  - bUseHttpProxy = false  - Libcurl will NOT use HTTP proxy
LogInit:  - bDontReuseConnections = false  - Libcurl will reuse connections
LogInit:  - MaxHostConnections = 16  - Libcurl will limit the number of connections to a host
LogInit:  - LocalHostAddr = Default
LogInit:  - BufferSize = 65536
LogOnline: OSS: Creating online subsystem instance for: NULL
LogInit: WinSock: version 1.1 (2.2), MaxSocks=32767, MaxUdp=65467
LogOnline: OSS: TryLoadSubsystemAndSetDefault: Loaded subsystem for module [NULL]
LogOculusPluginWrapper: OculusPlugin initialized successfully
LogHMD: Failed initializing OVRPlugin 1.59.0
LogInit: Build: ++UE4+Release-4.27-CL-18319896
LogInit: Engine Version: 4.27.2-18319896+++UE4+Release-4.27
LogInit: Compatible Engine Version: 4.27.0-17155196+++UE4+Release-4.27
LogInit: Net CL: 17155196
LogInit: OS: Windows 10 (Release 2009) (), CPU: AMD Ryzen 5 3500U with Radeon Vega Mobile Gfx  , GPU: AMD Radeon(TM) Vega 8 Graphics
LogInit: Compiled (64-bit): Nov 30 2021 07:12:08
LogInit: Compiled with Visual C++: 19.24.28315.00
LogInit: Build Configuration: Development
LogInit: Branch Name: ++UE4+Release-4.27
LogInit: Command Line: 
LogInit: Base Directory: C:/Program Files/Epic Games/UE_4.27/Engine/Binaries/Win64/
LogInit: Allocator: TBB
LogInit: Installed Engine Build: 1
LogDevObjectVersion: Number of dev versions registered: 29
LogDevObjectVersion:   Dev-Blueprints (B0D832E4-1F89-4F0D-ACCF-7EB736FD4AA2): 10
LogDevObjectVersion:   Dev-Build (E1C64328-A22C-4D53-A36C-8E866417BD8C): 0
LogDevObjectVersion:   Dev-Core (375EC13C-06E4-48FB-B500-84F0262A717E): 4
LogDevObjectVersion:   Dev-Editor (E4B068ED-F494-42E9-A231-DA0B2E46BB41): 40
LogDevObjectVersion:   Dev-Framework (CFFC743F-43B0-4480-9391-14DF171D2073): 37
LogDevObjectVersion:   Dev-Mobile (B02B49B5-BB20-44E9-A304-32B752E40360): 3
LogDevObjectVersion:   Dev-Networking (A4E4105C-59A1-49B5-A7C5-40C4547EDFEE): 0
LogDevObjectVersion:   Dev-Online (39C831C9-5AE6-47DC-9A44-9C173E1C8E7C): 0
LogDevObjectVersion:   Dev-Physics (78F01B33-EBEA-4F98-B9B4-84EACCB95AA2): 14
LogDevObjectVersion:   Dev-Platform (6631380F-2D4D-43E0-8009-CF276956A95A): 0
LogDevObjectVersion:   Dev-Rendering (12F88B9F-8875-4AFC-A67C-D90C383ABD29): 45
LogDevObjectVersion:   Dev-Sequencer (7B5AE74C-D270-4C10-A958-57980B212A5A): 13
LogDevObjectVersion:   Dev-VR (D7296918-1DD6-4BDD-9DE2-64A83CC13884): 3
LogDevObjectVersion:   Dev-LoadTimes (C2A15278-BFE7-4AFE-6C17-90FF531DF755): 1
LogDevObjectVersion:   Private-Geometry (6EACA3D4-40EC-4CC1-B786-8BED09428FC5): 3
LogDevObjectVersion:   Dev-AnimPhys (29E575DD-E0A3-4627-9D10-D276232CDCEA): 17
LogDevObjectVersion:   Dev-Anim (AF43A65D-7FD3-4947-9873-3E8ED9C1BB05): 15
LogDevObjectVersion:   Dev-ReflectionCapture (6B266CEC-1EC7-4B8F-A30B-E4D90942FC07): 1
LogDevObjectVersion:   Dev-Automation (0DF73D61-A23F-47EA-B727-89E90C41499A): 1
LogDevObjectVersion:   FortniteMain (601D1886-AC64-4F84-AA16-D3DE0DEAC7D6): 47
LogDevObjectVersion:   FortniteRelease (E7086368-6B23-4C58-8439-1B7016265E91): 1
LogDevObjectVersion:   Dev-Enterprise (9DFFBCD6-494F-0158-E221-12823C92A888): 10
LogDevObjectVersion:   Dev-Niagara (F2AED0AC-9AFE-416F-8664-AA7FFA26D6FC): 1
LogDevObjectVersion:   Dev-Destruction (174F1F0B-B4C6-45A5-B13F-2EE8D0FB917D): 10
LogDevObjectVersion:   Dev-Physics-Ext (35F94A83-E258-406C-A318-09F59610247C): 41
LogDevObjectVersion:   Dev-PhysicsMaterial-Chaos (B68FC16E-8B1B-42E2-B453-215C058844FE): 1
LogDevObjectVersion:   Dev-CineCamera (B2E18506-4273-CFC2-A54E-F4BB758BBA07): 1
LogDevObjectVersion:   Dev-VirtualProduction (64F58936-FD1B-42BA-BA96-7289D5D0FA4E): 1
LogDevObjectVersion:   Dev-MediaFramework (6F0ED827-A609-4895-9C91-998D90180EA4): 2
LogInit: Presizing for max 25165824 objects, including 0 objects not considered by GC, pre-allocating 0 bytes for permanent pool.
LogConfig: Applying CVar settings from Section [/Script/Engine.StreamingSettings] File [E:/3ro 4to SEMESTRE/Sis457/arcanoid/Saved/Config/Windows/Engine.ini]
LogConfig: Setting CVar [[s.MinBulkDataSizeForAsyncLoading:131072]]
LogConfig: Setting CVar [[s.AsyncLoadingThreadEnabled:0]]
LogConfig: Setting CVar [[s.EventDrivenLoaderEnabled:1]]
LogConfig: Setting CVar [[s.WarnIfTimeLimitExceeded:0]]
LogConfig: Setting CVar [[s.TimeLimitExceededMultiplier:1.5]]
LogConfig: Setting CVar [[s.TimeLimitExceededMinTime:0.005]]
LogConfig: Setting CVar [[s.UseBackgroundLevelStreaming:1]]
LogConfig: Setting CVar [[s.PriorityAsyncLoadingExtraTime:15.0]]
LogConfig: Setting CVar [[s.LevelStreamingActorsUpdateTimeLimit:5.0]]
LogConfig: Setting CVar [[s.PriorityLevelStreamingActorsUpdateExtraTime:5.0]]
LogConfig: Setting CVar [[s.LevelStreamingComponentsRegistrationGranularity:10]]
LogConfig: Setting CVar [[s.UnregisterComponentsTimeLimit:1.0]]
LogConfig: Setting CVar [[s.LevelStreamingComponentsUnregistrationGranularity:5]]
LogConfig: Setting CVar [[s.FlushStreamingOnExit:1]]
LogInit: Object subsystem initialized
LogConfig: Setting CVar [[con.DebugEarlyDefault:1]]
LogConfig: Setting CVar [[r.setres:1280x720]]
[2022.12.13-22.32.17:277][  0]LogConfig: Setting CVar [[r.VSync:0]]
[2022.12.13-22.32.17:277][  0]LogConfig: Setting CVar [[r.RHICmdBypass:0]]
[2022.12.13-22.32.17:277][  0]LogConfig: Applying CVar settings from Section [/Script/Engine.RendererSettings] File [E:/3ro 4to SEMESTRE/Sis457/arcanoid/Saved/Config/Windows/Engine.ini]
[2022.12.13-22.32.17:277][  0]LogConfig: Setting CVar [[r.GPUCrashDebugging:0]]
[2022.12.13-22.32.17:277][  0]LogConfig: Applying CVar settings from Section [/Script/Engine.RendererOverrideSettings] File [E:/3ro 4to SEMESTRE/Sis457/arcanoid/Saved/Config/Windows/Engine.ini]
[2022.12.13-22.32.17:277][  0]LogConfig: Applying CVar settings from Section [/Script/Engine.StreamingSettings] File [E:/3ro 4to SEMESTRE/Sis457/arcanoid/Saved/Config/Windows/Engine.ini]
[2022.12.13-22.32.17:277][  0]LogConfig: Setting CVar [[s.MinBulkDataSizeForAsyncLoading:131072]]
[2022.12.13-22.32.17:277][  0]LogConfig: Setting CVar [[s.AsyncLoadingThreadEnabled:0]]
[2022.12.13-22.32.17:277][  0]LogConfig: Setting CVar [[s.EventDrivenLoaderEnabled:1]]
[2022.12.13-22.32.17:277][  0]LogConfig: Setting CVar [[s.WarnIfTimeLimitExceeded:0]]
[2022.12.13-22.32.17:277][  0]LogConfig: Setting CVar [[s.TimeLimitExceededMultiplier:1.5]]
[2022.12.13-22.32.17:277][  0]LogConfig: Setting CVar [[s.TimeLimitExceededMinTime:0.005]]
[2022.12.13-22.32.17:277][  0]LogConfig: Setting CVar [[s.UseBackgroundLevelStreaming:1]]
[2022.12.13-22.32.17:277][  0]LogConfig: Setting CVar [[s.PriorityAsyncLoadingExtraTime:15.0]]
[2022.12.13-22.32.17:277][  0]LogConfig: Setting CVar [[s.LevelStreamingActorsUpdateTimeLimit:5.0]]
[2022.12.13-22.32.17:277][  0]LogConfig: Setting CVar [[s.PriorityLevelStreamingActorsUpdateExtraTime:5.0]]
[2022.12.13-22.32.17:277][  0]LogConfig: Setting CVar [[s.LevelStreamingComponentsRegistrationGranularity:10]]
[2022.12.13-22.32.17:277][  0]LogConfig: Setting CVar [[s.UnregisterComponentsTimeLimit:1.0]]
[2022.12.13-22.32.17:277][  0]LogConfig: Setting CVar [[s.LevelStreamingComponentsUnregistrationGranularity:5]]
[2022.12.13-22.32.17:277][  0]LogConfig: Setting CVar [[s.FlushStreamingOnExit:1]]
[2022.12.13-22.32.17:277][  0]LogConfig: Applying CVar settings from Section [/Script/Engine.GarbageCollectionSettings] File [E:/3ro 4to SEMESTRE/Sis457/arcanoid/Saved/Config/Windows/Engine.ini]
[2022.12.13-22.32.17:277][  0]LogConfig: Setting CVar [[gc.MaxObjectsNotConsideredByGC:1]]
[2022.12.13-22.32.17:277][  0]LogConfig: Setting CVar [[gc.SizeOfPermanentObjectPool:0]]
[2022.12.13-22.32.17:277][  0]LogConfig: Setting CVar [[gc.FlushStreamingOnGC:0]]
[2022.12.13-22.32.17:277][  0]LogConfig: Setting CVar [[gc.NumRetriesBeforeForcingGC:10]]
[2022.12.13-22.32.17:277][  0]LogConfig: Setting CVar [[gc.AllowParallelGC:1]]
[2022.12.13-22.32.17:277][  0]LogConfig: Setting CVar [[gc.TimeBetweenPurgingPendingKillObjects:61.1]]
[2022.12.13-22.32.17:277][  0]LogConfig: Setting CVar [[gc.MaxObjectsInEditor:25165824]]
[2022.12.13-22.32.17:277][  0]LogConfig: Setting CVar [[gc.IncrementalBeginDestroyEnabled:1]]
[2022.12.13-22.32.17:277][  0]LogConfig: Setting CVar [[gc.CreateGCClusters:1]]
[2022.12.13-22.32.17:277][  0]LogConfig: Setting CVar [[gc.MinGCClusterSize:5]]
[2022.12.13-22.32.17:277][  0]LogConfig: Setting CVar [[gc.ActorClusteringEnabled:0]]
[2022.12.13-22.32.17:277][  0]LogConfig: Setting CVar [[gc.BlueprintClusteringEnabled:0]]
[2022.12.13-22.32.17:277][  0]LogConfig: Setting CVar [[gc.UseDisregardForGCOnDedicatedServers:0]]
[2022.12.13-22.32.17:277][  0]LogConfig: Setting CVar [[gc.MultithreadedDestructionEnabled:1]]
[2022.12.13-22.32.17:277][  0]LogConfig: Applying CVar settings from Section [/Script/Engine.NetworkSettings] File [E:/3ro 4to SEMESTRE/Sis457/arcanoid/Saved/Config/Windows/Engine.ini]
[2022.12.13-22.32.17:277][  0]LogConfig: Applying CVar settings from Section [/Script/UnrealEd.CookerSettings] File [E:/3ro 4to SEMESTRE/Sis457/arcanoid/Saved/Config/Windows/Engine.ini]
[2022.12.13-22.32.17:285][  0]LogConfig: Applying CVar settings from Section [ViewDistanceQuality@3] File [E:/3ro 4to SEMESTRE/Sis457/arcanoid/Saved/Config/Windows/Scalability.ini]
[2022.12.13-22.32.17:285][  0]LogConfig: Setting CVar [[r.SkeletalMeshLODBias:0]]
[2022.12.13-22.32.17:285][  0]LogConfig: Setting CVar [[r.ViewDistanceScale:1.0]]
[2022.12.13-22.32.17:285][  0]LogConfig: Applying CVar settings from Section [AntiAliasingQuality@3] File [E:/3ro 4to SEMESTRE/Sis457/arcanoid/Saved/Config/Windows/Scalability.ini]
[2022.12.13-22.32.17:285][  0]LogConfig: Setting CVar [[r.PostProcessAAQuality:4]]
[2022.12.13-22.32.17:285][  0]LogConfig: Applying CVar settings from Section [ShadowQuality@3] File [E:/3ro 4to SEMESTRE/Sis457/arcanoid/Saved/Config/Windows/Scalability.ini]
[2022.12.13-22.32.17:285][  0]LogConfig: Setting CVar [[r.LightFunctionQuality:1]]
[2022.12.13-22.32.17:285][  0]LogConfig: Setting CVar [[r.ShadowQuality:5]]
[2022.12.13-22.32.17:285][  0]LogConfig: Setting CVar [[r.Shadow.CSM.MaxCascades:10]]
[2022.12.13-22.32.17:285][  0]LogConfig: Setting CVar [[r.Shadow.MaxResolution:2048]]
[2022.12.13-22.32.17:285][  0]LogConfig: Setting CVar [[r.Shadow.MaxCSMResolution:2048]]
[2022.12.13-22.32.17:285][  0]LogConfig: Setting CVar [[r.Shadow.RadiusThreshold:0.01]]
[2022.12.13-22.32.17:285][  0]LogConfig: Setting CVar [[r.Shadow.DistanceScale:1.0]]
[2022.12.13-22.32.17:285][  0]LogConfig: Setting CVar [[r.Shadow.CSM.TransitionScale:1.0]]
[2022.12.13-22.32.17:285][  0]LogConfig: Setting CVar [[r.Shadow.PreShadowResolutionFactor:1.0]]
[2022.12.13-22.32.17:285][  0]LogConfig: Setting CVar [[r.DistanceFieldShadowing:1]]
[2022.12.13-22.32.17:285][  0]LogConfig: Setting CVar [[r.DistanceFieldAO:1]]
[2022.12.13-22.32.17:285][  0]LogConfig: Setting CVar [[r.AOQuality:2]]
[2022.12.13-22.32.17:285][  0]LogConfig: Setting CVar [[r.VolumetricFog:1]]
[2022.12.13-22.32.17:285][  0]LogConfig: Setting CVar [[r.VolumetricFog.GridPixelSize:8]]
[2022.12.13-22.32.17:285][  0]LogConfig: Setting CVar [[r.VolumetricFog.GridSizeZ:128]]
[2022.12.13-22.32.17:285][  0]LogConfig: Setting CVar [[r.VolumetricFog.HistoryMissSupersampleCount:4]]
[2022.12.13-22.32.17:285][  0]LogConfig: Setting CVar [[r.LightMaxDrawDistanceScale:1]]
[2022.12.13-22.32.17:285][  0]LogConfig: Setting CVar [[r.CapsuleShadows:1]]
[2022.12.13-22.32.17:285][  0]LogConfig: Applying CVar settings from Section [PostProcessQuality@3] File [E:/3ro 4to SEMESTRE/Sis457/arcanoid/Saved/Config/Windows/Scalability.ini]
[2022.12.13-22.32.17:285][  0]LogConfig: Setting CVar [[r.MotionBlurQuality:4]]
[2022.12.13-22.32.17:285][  0]LogConfig: Setting CVar [[r.AmbientOcclusionMipLevelFactor:0.4]]
[2022.12.13-22.32.17:285][  0]LogConfig: Setting CVar [[r.AmbientOcclusionMaxQuality:100]]
[2022.12.13-22.32.17:285][  0]LogConfig: Setting CVar [[r.AmbientOcclusionLevels:-1]]
[2022.12.13-22.32.17:285][  0]LogConfig: Setting CVar [[r.AmbientOcclusionRadiusScale:1.0]]
[2022.12.13-22.32.17:285][  0]LogConfig: Setting CVar [[r.DepthOfFieldQuality:2]]
[2022.12.13-22.32.17:285][  0]LogConfig: Setting CVar [[r.RenderTargetPoolMin:400]]
[2022.12.13-22.32.17:285][  0]LogConfig: Setting CVar [[r.LensFlareQuality:2]]
[2022.12.13-22.32.17:285][  0]LogConfig: Setting CVar [[r.SceneColorFringeQuality:1]]
[2022.12.13-22.32.17:285][  0]LogConfig: Setting CVar [[r.EyeAdaptationQuality:2]]
[2022.12.13-22.32.17:285][  0]LogConfig: Setting CVar [[r.BloomQuality:5]]
[2022.12.13-22.32.17:285][  0]LogConfig: Setting CVar [[r.FastBlurThreshold:100]]
[2022.12.13-22.32.17:285][  0]LogConfig: Setting CVar [[r.Upscale.Quality:3]]
[2022.12.13-22.32.17:285][  0]LogConfig: Setting CVar [[r.Tonemapper.GrainQuantization:1]]
[2022.12.13-22.32.17:285][  0]LogConfig: Setting CVar [[r.LightShaftQuality:1]]
[2022.12.13-22.32.17:285][  0]LogConfig: Setting CVar [[r.Filter.SizeScale:1]]
[2022.12.13-22.32.17:285][  0]LogConfig: Setting CVar [[r.Tonemapper.Quality:5]]
[2022.12.13-22.32.17:285][  0]LogConfig: Setting CVar [[r.DOF.Gather.AccumulatorQuality:1        ; higher gathering accumulator quality]]
[2022.12.13-22.32.17:285][  0]LogConfig: Setting CVar [[r.DOF.Gather.PostfilterMethod:1          ; Median3x3 postfilering method]]
[2022.12.13-22.32.17:285][  0]LogConfig: Setting CVar [[r.DOF.Gather.EnableBokehSettings:0       ; no bokeh simulation when gathering]]
[2022.12.13-22.32.17:285][  0]LogConfig: Setting CVar [[r.DOF.Gather.RingCount:4                 ; medium number of samples when gathering]]
[2022.12.13-22.32.17:285][  0]LogConfig: Setting CVar [[r.DOF.Scatter.ForegroundCompositing:1    ; additive foreground scattering]]
[2022.12.13-22.32.17:285][  0]LogConfig: Setting CVar [[r.DOF.Scatter.BackgroundCompositing:2    ; additive background scattering]]
[2022.12.13-22.32.17:285][  0]LogConfig: Setting CVar [[r.DOF.Scatter.EnableBokehSettings:1      ; bokeh simulation when scattering]]
[2022.12.13-22.32.17:285][  0]LogConfig: Setting CVar [[r.DOF.Scatter.MaxSpriteRatio:0.1         ; only a maximum of 10% of scattered bokeh]]
[2022.12.13-22.32.17:285][  0]LogConfig: Setting CVar [[r.DOF.Recombine.Quality:1                ; cheap slight out of focus]]
[2022.12.13-22.32.17:285][  0]LogConfig: Setting CVar [[r.DOF.Recombine.EnableBokehSettings:0    ; no bokeh simulation on slight out of focus]]
[2022.12.13-22.32.17:285][  0]LogConfig: Setting CVar [[r.DOF.TemporalAAQuality:1                ; more stable temporal accumulation]]
[2022.12.13-22.32.17:285][  0]LogConfig: Setting CVar [[r.DOF.Kernel.MaxForegroundRadius:0.025]]
[2022.12.13-22.32.17:285][  0]LogConfig: Setting CVar [[r.DOF.Kernel.MaxBackgroundRadius:0.025]]
[2022.12.13-22.32.17:285][  0]LogConfig: Applying CVar settings from Section [TextureQuality@3] File [E:/3ro 4to SEMESTRE/Sis457/arcanoid/Saved/Config/Windows/Scalability.ini]
[2022.12.13-22.32.17:285][  0]LogConfig: Setting CVar [[r.Streaming.MipBias:0]]
[2022.12.13-22.32.17:285][  0]LogConfig: Setting CVar [[r.Streaming.AmortizeCPUToGPUCopy:0]]
[2022.12.13-22.32.17:285][  0]LogConfig: Setting CVar [[r.Streaming.MaxNumTexturesToStreamPerFrame:0]]
[2022.12.13-22.32.17:285][  0]LogConfig: Setting CVar [[r.Streaming.Boost:1]]
[2022.12.13-22.32.17:285][  0]LogConfig: Setting CVar [[r.MaxAnisotropy:8]]
[2022.12.13-22.32.17:285][  0]LogConfig: Setting CVar [[r.VT.MaxAnisotropy:8]]
[2022.12.13-22.32.17:285][  0]LogConfig: Setting CVar [[r.Streaming.LimitPoolSizeToVRAM:0]]
[2022.12.13-22.32.17:285][  0]LogConfig: Setting CVar [[r.Streaming.PoolSize:1000]]
[2022.12.13-22.32.17:286][  0]LogConfig: Setting CVar [[r.Streaming.MaxEffectiveScreenSize:0]]
[2022.12.13-22.32.17:286][  0]LogConfig: Applying CVar settings from Section [EffectsQuality@3] File [E:/3ro 4to SEMESTRE/Sis457/arcanoid/Saved/Config/Windows/Scalability.ini]
[2022.12.13-22.32.17:286][  0]LogConfig: Setting CVar [[r.TranslucencyLightingVolumeDim:64]]
[2022.12.13-22.32.17:286][  0]LogConfig: Setting CVar [[r.RefractionQuality:2]]
[2022.12.13-22.32.17:286][  0]LogConfig: Setting CVar [[r.SSR.Quality:3]]
[2022.12.13-22.32.17:286][  0]LogConfig: Setting CVar [[r.SSR.HalfResSceneColor:0]]
[2022.12.13-22.32.17:286][  0]LogConfig: Setting CVar [[r.SceneColorFormat:4]]
[2022.12.13-22.32.17:286][  0]LogConfig: Setting CVar [[r.DetailMode:2]]
[2022.12.13-22.32.17:286][  0]LogConfig: Setting CVar [[r.TranslucencyVolumeBlur:1]]
[2022.12.13-22.32.17:286][  0]LogConfig: Setting CVar [[r.MaterialQualityLevel:1 ; High quality]]
[2022.12.13-22.32.17:286][  0]LogConfig: Setting CVar [[r.AnisotropicMaterials:1]]
[2022.12.13-22.32.17:286][  0]LogConfig: Setting CVar [[r.SSS.Scale:1]]
[2022.12.13-22.32.17:286][  0]LogConfig: Setting CVar [[r.SSS.SampleSet:2]]
[2022.12.13-22.32.17:286][  0]LogConfig: Setting CVar [[r.SSS.Quality:1]]
[2022.12.13-22.32.17:286][  0]LogConfig: Setting CVar [[r.SSS.HalfRes:0]]
[2022.12.13-22.32.17:286][  0]LogConfig: Setting CVar [[r.SSGI.Quality:3]]
[2022.12.13-22.32.17:286][  0]LogConfig: Setting CVar [[r.EmitterSpawnRateScale:1.0]]
[2022.12.13-22.32.17:286][  0]LogConfig: Setting CVar [[r.ParticleLightQuality:2]]
[2022.12.13-22.32.17:286][  0]LogConfig: Setting CVar [[r.SkyAtmosphere.AerialPerspectiveLUT.FastApplyOnOpaque:1 ; Always have FastSkyLUT 1 in this case to avoid wrong sky]]
[2022.12.13-22.32.17:286][  0]LogConfig: Setting CVar [[r.SkyAtmosphere.AerialPerspectiveLUT.SampleCountMaxPerSlice:4]]
[2022.12.13-22.32.17:286][  0]LogConfig: Setting CVar [[r.SkyAtmosphere.AerialPerspectiveLUT.DepthResolution:16.0]]
[2022.12.13-22.32.17:286][  0]LogConfig: Setting CVar [[r.SkyAtmosphere.FastSkyLUT:1]]
[2022.12.13-22.32.17:286][  0]LogConfig: Setting CVar [[r.SkyAtmosphere.FastSkyLUT.SampleCountMin:4.0]]
[2022.12.13-22.32.17:286][  0]LogConfig: Setting CVar [[r.SkyAtmosphere.FastSkyLUT.SampleCountMax:128.0]]
[2022.12.13-22.32.17:286][  0]LogConfig: Setting CVar [[r.SkyAtmosphere.SampleCountMin:4.0]]
[2022.12.13-22.32.17:286][  0]LogConfig: Setting CVar [[r.SkyAtmosphere.SampleCountMax:128.0]]
[2022.12.13-22.32.17:286][  0]LogConfig: Setting CVar [[r.SkyAtmosphere.TransmittanceLUT.UseSmallFormat:0]]
[2022.12.13-22.32.17:286][  0]LogConfig: Setting CVar [[r.SkyAtmosphere.TransmittanceLUT.SampleCount:10.0]]
[2022.12.13-22.32.17:286][  0]LogConfig: Setting CVar [[r.SkyAtmosphere.MultiScatteringLUT.SampleCount:15.0]]
[2022.12.13-22.32.17:286][  0]LogConfig: Setting CVar [[r.SkyLight.RealTimeReflectionCapture:1]]
[2022.12.13-22.32.17:286][  0]LogConfig: Applying CVar settings from Section [FoliageQuality@3] File [E:/3ro 4to SEMESTRE/Sis457/arcanoid/Saved/Config/Windows/Scalability.ini]
[2022.12.13-22.32.17:286][  0]LogConfig: Setting CVar [[foliage.DensityScale:1.0]]
[2022.12.13-22.32.17:286][  0]LogConfig: Setting CVar [[grass.DensityScale:1.0]]
[2022.12.13-22.32.17:286][  0]LogConfig: Applying CVar settings from Section [ShadingQuality@3] File [E:/3ro 4to SEMESTRE/Sis457/arcanoid/Saved/Config/Windows/Scalability.ini]
[2022.12.13-22.32.17:286][  0]LogConfig: Setting CVar [[r.HairStrands.SkyLighting.IntegrationType:2]]
[2022.12.13-22.32.17:286][  0]LogConfig: Setting CVar [[r.HairStrands.SkyAO.SampleCount:4]]
[2022.12.13-22.32.17:286][  0]LogConfig: Setting CVar [[r.HairStrands.Visibility.MSAA.SamplePerPixel:4]]
[2022.12.13-22.32.17:287][  0]LogInit: Selected Device Profile: [Windows]
[2022.12.13-22.32.17:287][  0]LogInit: Applying CVar settings loaded from the selected device profile: [Windows]
[2022.12.13-22.32.17:287][  0]LogHAL: Display: Platform has ~ 6 GB [6351900672 / 8589934592 / 6], which maps to Smaller [LargestMinGB=32, LargerMinGB=12, DefaultMinGB=8, SmallerMinGB=6, SmallestMinGB=0)
[2022.12.13-22.32.17:287][  0]LogInit: Going up to parent DeviceProfile []
[2022.12.13-22.32.17:287][  0]LogConfig: Applying CVar settings from Section [ViewDistanceQuality@3] File [E:/3ro 4to SEMESTRE/Sis457/arcanoid/Saved/Config/Windows/Scalability.ini]
[2022.12.13-22.32.17:288][  0]LogConfig: Setting CVar [[r.SkeletalMeshLODBias:0]]
[2022.12.13-22.32.17:288][  0]LogConfig: Setting CVar [[r.ViewDistanceScale:1.0]]
[2022.12.13-22.32.17:288][  0]LogConfig: Applying CVar settings from Section [AntiAliasingQuality@3] File [E:/3ro 4to SEMESTRE/Sis457/arcanoid/Saved/Config/Windows/Scalability.ini]
[2022.12.13-22.32.17:288][  0]LogConfig: Setting CVar [[r.PostProcessAAQuality:4]]
[2022.12.13-22.32.17:288][  0]LogConfig: Applying CVar settings from Section [ShadowQuality@3] File [E:/3ro 4to SEMESTRE/Sis457/arcanoid/Saved/Config/Windows/Scalability.ini]
[2022.12.13-22.32.17:288][  0]LogConfig: Setting CVar [[r.LightFunctionQuality:1]]
[2022.12.13-22.32.17:288][  0]LogConfig: Setting CVar [[r.ShadowQuality:5]]
[2022.12.13-22.32.17:288][  0]LogConfig: Setting CVar [[r.Shadow.CSM.MaxCascades:10]]
[2022.12.13-22.32.17:288][  0]LogConfig: Setting CVar [[r.Shadow.MaxResolution:2048]]
[2022.12.13-22.32.17:288][  0]LogConfig: Setting CVar [[r.Shadow.MaxCSMResolution:2048]]
[2022.12.13-22.32.17:288][  0]LogConfig: Setting CVar [[r.Shadow.RadiusThreshold:0.01]]
[2022.12.13-22.32.17:288][  0]LogConfig: Setting CVar [[r.Shadow.DistanceScale:1.0]]
[2022.12.13-22.32.17:288][  0]LogConfig: Setting CVar [[r.Shadow.CSM.TransitionScale:1.0]]
[2022.12.13-22.32.17:288][  0]LogConfig: Setting CVar [[r.Shadow.PreShadowResolutionFactor:1.0]]
[2022.12.13-22.32.17:288][  0]LogConfig: Setting CVar [[r.DistanceFieldShadowing:1]]
[2022.12.13-22.32.17:288][  0]LogConfig: Setting CVar [[r.DistanceFieldAO:1]]
[2022.12.13-22.32.17:288][  0]LogConfig: Setting CVar [[r.AOQuality:2]]
[2022.12.13-22.32.17:288][  0]LogConfig: Setting CVar [[r.VolumetricFog:1]]
[2022.12.13-22.32.17:288][  0]LogConfig: Setting CVar [[r.VolumetricFog.GridPixelSize:8]]
[2022.12.13-22.32.17:288][  0]LogConfig: Setting CVar [[r.VolumetricFog.GridSizeZ:128]]
[2022.12.13-22.32.17:288][  0]LogConfig: Setting CVar [[r.VolumetricFog.HistoryMissSupersampleCount:4]]
[2022.12.13-22.32.17:288][  0]LogConfig: Setting CVar [[r.LightMaxDrawDistanceScale:1]]
[2022.12.13-22.32.17:288][  0]LogConfig: Setting CVar [[r.CapsuleShadows:1]]
[2022.12.13-22.32.17:288][  0]LogConfig: Applying CVar settings from Section [PostProcessQuality@3] File [E:/3ro 4to SEMESTRE/Sis457/arcanoid/Saved/Config/Windows/Scalability.ini]
[2022.12.13-22.32.17:288][  0]LogConfig: Setting CVar [[r.MotionBlurQuality:4]]
[2022.12.13-22.32.17:288][  0]LogConfig: Setting CVar [[r.AmbientOcclusionMipLevelFactor:0.4]]
[2022.12.13-22.32.17:288][  0]LogConfig: Setting CVar [[r.AmbientOcclusionMaxQuality:100]]
[2022.12.13-22.32.17:288][  0]LogConfig: Setting CVar [[r.AmbientOcclusionLevels:-1]]
[2022.12.13-22.32.17:288][  0]LogConfig: Setting CVar [[r.AmbientOcclusionRadiusScale:1.0]]
[2022.12.13-22.32.17:288][  0]LogConfig: Setting CVar [[r.DepthOfFieldQuality:2]]
[2022.12.13-22.32.17:288][  0]LogConfig: Setting CVar [[r.RenderTargetPoolMin:400]]
[2022.12.13-22.32.17:288][  0]LogConfig: Setting CVar [[r.LensFlareQuality:2]]
[2022.12.13-22.32.17:288][  0]LogConfig: Setting CVar [[r.SceneColorFringeQuality:1]]
[2022.12.13-22.32.17:288][  0]LogConfig: Setting CVar [[r.EyeAdaptationQuality:2]]
[2022.12.13-22.32.17:288][  0]LogConfig: Setting CVar [[r.BloomQuality:5]]
[2022.12.13-22.32.17:288][  0]LogConfig: Setting CVar [[r.FastBlurThreshold:100]]
[2022.12.13-22.32.17:288][  0]LogConfig: Setting CVar [[r.Upscale.Quality:3]]
[2022.12.13-22.32.17:288][  0]LogConfig: Setting CVar [[r.Tonemapper.GrainQuantization:1]]
[2022.12.13-22.32.17:288][  0]LogConfig: Setting CVar [[r.LightShaftQuality:1]]
[2022.12.13-22.32.17:288][  0]LogConfig: Setting CVar [[r.Filter.SizeScale:1]]
[2022.12.13-22.32.17:288][  0]LogConfig: Setting CVar [[r.Tonemapper.Quality:5]]
[2022.12.13-22.32.17:288][  0]LogConfig: Setting CVar [[r.DOF.Gather.AccumulatorQuality:1        ; higher gathering accumulator quality]]
[2022.12.13-22.32.17:288][  0]LogConfig: Setting CVar [[r.DOF.Gather.PostfilterMethod:1          ; Median3x3 postfilering method]]
[2022.12.13-22.32.17:288][  0]LogConfig: Setting CVar [[r.DOF.Gather.EnableBokehSettings:0       ; no bokeh simulation when gathering]]
[2022.12.13-22.32.17:288][  0]LogConfig: Setting CVar [[r.DOF.Gather.RingCount:4                 ; medium number of samples when gathering]]
[2022.12.13-22.32.17:288][  0]LogConfig: Setting CVar [[r.DOF.Scatter.ForegroundCompositing:1    ; additive foreground scattering]]
[2022.12.13-22.32.17:288][  0]LogConfig: Setting CVar [[r.DOF.Scatter.BackgroundCompositing:2    ; additive background scattering]]
[2022.12.13-22.32.17:288][  0]LogConfig: Setting CVar [[r.DOF.Scatter.EnableBokehSettings:1      ; bokeh simulation when scattering]]
[2022.12.13-22.32.17:288][  0]LogConfig: Setting CVar [[r.DOF.Scatter.MaxSpriteRatio:0.1         ; only a maximum of 10% of scattered bokeh]]
[2022.12.13-22.32.17:288][  0]LogConfig: Setting CVar [[r.DOF.Recombine.Quality:1                ; cheap slight out of focus]]
[2022.12.13-22.32.17:288][  0]LogConfig: Setting CVar [[r.DOF.Recombine.EnableBokehSettings:0    ; no bokeh simulation on slight out of focus]]
[2022.12.13-22.32.17:288][  0]LogConfig: Setting CVar [[r.DOF.TemporalAAQuality:1                ; more stable temporal accumulation]]
[2022.12.13-22.32.17:288][  0]LogConfig: Setting CVar [[r.DOF.Kernel.MaxForegroundRadius:0.025]]
[2022.12.13-22.32.17:288][  0]LogConfig: Setting CVar [[r.DOF.Kernel.MaxBackgroundRadius:0.025]]
[2022.12.13-22.32.17:288][  0]LogConfig: Applying CVar settings from Section [TextureQuality@3] File [E:/3ro 4to SEMESTRE/Sis457/arcanoid/Saved/Config/Windows/Scalability.ini]
[2022.12.13-22.32.17:288][  0]LogConfig: Setting CVar [[r.Streaming.MipBias:0]]
[2022.12.13-22.32.17:288][  0]LogConfig: Setting CVar [[r.Streaming.AmortizeCPUToGPUCopy:0]]
[2022.12.13-22.32.17:288][  0]LogConfig: Setting CVar [[r.Streaming.MaxNumTexturesToStreamPerFrame:0]]
[2022.12.13-22.32.17:288][  0]LogConfig: Setting CVar [[r.Streaming.Boost:1]]
[2022.12.13-22.32.17:288][  0]LogConfig: Setting CVar [[r.MaxAnisotropy:8]]
[2022.12.13-22.32.17:288][  0]LogConfig: Setting CVar [[r.VT.MaxAnisotropy:8]]
[2022.12.13-22.32.17:288][  0]LogConfig: Setting CVar [[r.Streaming.LimitPoolSizeToVRAM:0]]
[2022.12.13-22.32.17:288][  0]LogConfig: Setting CVar [[r.Streaming.PoolSize:1000]]
[2022.12.13-22.32.17:288][  0]LogConfig: Setting CVar [[r.Streaming.MaxEffectiveScreenSize:0]]
[2022.12.13-22.32.17:288][  0]LogConfig: Applying CVar settings from Section [EffectsQuality@3] File [E:/3ro 4to SEMESTRE/Sis457/arcanoid/Saved/Config/Windows/Scalability.ini]
[2022.12.13-22.32.17:288][  0]LogConfig: Setting CVar [[r.TranslucencyLightingVolumeDim:64]]
[2022.12.13-22.32.17:288][  0]LogConfig: Setting CVar [[r.RefractionQuality:2]]
[2022.12.13-22.32.17:288][  0]LogConfig: Setting CVar [[r.SSR.Quality:3]]
[2022.12.13-22.32.17:288][  0]LogConfig: Setting CVar [[r.SSR.HalfResSceneColor:0]]
[2022.12.13-22.32.17:288][  0]LogConfig: Setting CVar [[r.SceneColorFormat:4]]
[2022.12.13-22.32.17:288][  0]LogConfig: Setting CVar [[r.DetailMode:2]]
[2022.12.13-22.32.17:288][  0]LogConfig: Setting CVar [[r.TranslucencyVolumeBlur:1]]
[2022.12.13-22.32.17:288][  0]LogConfig: Setting CVar [[r.MaterialQualityLevel:1 ; High quality]]
[2022.12.13-22.32.17:288][  0]LogConfig: Setting CVar [[r.AnisotropicMaterials:1]]
[2022.12.13-22.32.17:288][  0]LogConfig: Setting CVar [[r.SSS.Scale:1]]
[2022.12.13-22.32.17:288][  0]LogConfig: Setting CVar [[r.SSS.SampleSet:2]]
[2022.12.13-22.32.17:288][  0]LogConfig: Setting CVar [[r.SSS.Quality:1]]
[2022.12.13-22.32.17:288][  0]LogConfig: Setting CVar [[r.SSS.HalfRes:0]]
[2022.12.13-22.32.17:288][  0]LogConfig: Setting CVar [[r.SSGI.Quality:3]]
[2022.12.13-22.32.17:289][  0]LogConfig: Setting CVar [[r.EmitterSpawnRateScale:1.0]]
[2022.12.13-22.32.17:289][  0]LogConfig: Setting CVar [[r.ParticleLightQuality:2]]
[2022.12.13-22.32.17:289][  0]LogConfig: Setting CVar [[r.SkyAtmosphere.AerialPerspectiveLUT.FastApplyOnOpaque:1 ; Always have FastSkyLUT 1 in this case to avoid wrong sky]]
[2022.12.13-22.32.17:289][  0]LogConfig: Setting CVar [[r.SkyAtmosphere.AerialPerspectiveLUT.SampleCountMaxPerSlice:4]]
[2022.12.13-22.32.17:289][  0]LogConfig: Setting CVar [[r.SkyAtmosphere.AerialPerspectiveLUT.DepthResolution:16.0]]
[2022.12.13-22.32.17:289][  0]LogConfig: Setting CVar [[r.SkyAtmosphere.FastSkyLUT:1]]
[2022.12.13-22.32.17:289][  0]LogConfig: Setting CVar [[r.SkyAtmosphere.FastSkyLUT.SampleCountMin:4.0]]
[2022.12.13-22.32.17:289][  0]LogConfig: Setting CVar [[r.SkyAtmosphere.FastSkyLUT.SampleCountMax:128.0]]
[2022.12.13-22.32.17:289][  0]LogConfig: Setting CVar [[r.SkyAtmosphere.SampleCountMin:4.0]]
[2022.12.13-22.32.17:289][  0]LogConfig: Setting CVar [[r.SkyAtmosphere.SampleCountMax:128.0]]
[2022.12.13-22.32.17:289][  0]LogConfig: Setting CVar [[r.SkyAtmosphere.TransmittanceLUT.UseSmallFormat:0]]
[2022.12.13-22.32.17:289][  0]LogConfig: Setting CVar [[r.SkyAtmosphere.TransmittanceLUT.SampleCount:10.0]]
[2022.12.13-22.32.17:289][  0]LogConfig: Setting CVar [[r.SkyAtmosphere.MultiScatteringLUT.SampleCount:15.0]]
[2022.12.13-22.32.17:289][  0]LogConfig: Setting CVar [[r.SkyLight.RealTimeReflectionCapture:1]]
[2022.12.13-22.32.17:289][  0]LogConfig: Applying CVar settings from Section [FoliageQuality@3] File [E:/3ro 4to SEMESTRE/Sis457/arcanoid/Saved/Config/Windows/Scalability.ini]
[2022.12.13-22.32.17:289][  0]LogConfig: Setting CVar [[foliage.DensityScale:1.0]]
[2022.12.13-22.32.17:289][  0]LogConfig: Setting CVar [[grass.DensityScale:1.0]]
[2022.12.13-22.32.17:289][  0]LogConfig: Applying CVar settings from Section [ShadingQuality@3] File [E:/3ro 4to SEMESTRE/Sis457/arcanoid/Saved/Config/Windows/Scalability.ini]
[2022.12.13-22.32.17:289][  0]LogConfig: Setting CVar [[r.HairStrands.SkyLighting.IntegrationType:2]]
[2022.12.13-22.32.17:289][  0]LogConfig: Setting CVar [[r.HairStrands.SkyAO.SampleCount:4]]
[2022.12.13-22.32.17:289][  0]LogConfig: Setting CVar [[r.HairStrands.Visibility.MSAA.SamplePerPixel:4]]
[2022.12.13-22.32.17:289][  0]LogConfig: Applying CVar settings from Section [Startup] File [../../../Engine/Config/ConsoleVariables.ini]
[2022.12.13-22.32.17:291][  0]LogConfig: Setting CVar [[net.UseAdaptiveNetUpdateFrequency:0]]
[2022.12.13-22.32.17:291][  0]LogConfig: Setting CVar [[p.chaos.AllowCreatePhysxBodies:1]]
[2022.12.13-22.32.17:291][  0]LogConfig: Setting CVar [[fx.SkipVectorVMBackendOptimizations:1]]
[2022.12.13-22.32.17:291][  0]LogConfig: Applying CVar settings from Section [ConsoleVariables] File [E:/3ro 4to SEMESTRE/Sis457/arcanoid/Saved/Config/Windows/Engine.ini]
[2022.12.13-22.32.17:291][  0]LogConfig: Applying CVar settings from Section [ConsoleVariables] File [E:/3ro 4to SEMESTRE/Sis457/arcanoid/Saved/Config/Windows/Editor.ini]
[2022.12.13-22.32.17:292][  0]LogInit: Computer: DESKTOP-82CK33O
[2022.12.13-22.32.17:292][  0]LogInit: User: Aldrin
[2022.12.13-22.32.17:292][  0]LogInit: CPU Page size=4096, Cores=4
[2022.12.13-22.32.17:292][  0]LogInit: High frequency timer resolution =10.000000 MHz
[2022.12.13-22.32.17:292][  0]LogMemory: Memory total: Physical=5.9GB (6GB approx)
[2022.12.13-22.32.17:292][  0]LogMemory: Platform Memory Stats for Windows
[2022.12.13-22.32.17:292][  0]LogMemory: Process Physical Memory: 140.89 MB used, 140.89 MB peak
[2022.12.13-22.32.17:292][  0]LogMemory: Process Virtual Memory: 114.32 MB used, 114.32 MB peak
[2022.12.13-22.32.17:292][  0]LogMemory: Physical Memory: 3827.52 MB used,  2230.13 MB free, 6057.64 MB total
[2022.12.13-22.32.17:292][  0]LogMemory: Virtual Memory: 134212840.00 MB used,  4885.59 MB free, 134217728.00 MB total
[2022.12.13-22.32.17:299][  0]LogWindows: WindowsPlatformFeatures enabled
[2022.12.13-22.32.17:396][  0]LogInit: Physics initialised using underlying interface: PhysX
[2022.12.13-22.32.17:399][  0]LogInit: Using OS detected language (es-MX).
[2022.12.13-22.32.17:399][  0]LogInit: Using OS detected locale (es-BO).
[2022.12.13-22.32.17:417][  0]LogTextLocalizationResource: LocRes '../../../Engine/Content/Localization/Editor/es-MX/Editor.locres' could not be opened for reading!
[2022.12.13-22.32.17:417][  0]LogTextLocalizationResource: LocRes '../../../Engine/Content/Localization/EditorTutorials/es-MX/EditorTutorials.locres' could not be opened for reading!
[2022.12.13-22.32.17:417][  0]LogTextLocalizationResource: LocRes '../../../Engine/Content/Localization/Keywords/es-MX/Keywords.locres' could not be opened for reading!
[2022.12.13-22.32.17:417][  0]LogTextLocalizationResource: LocRes '../../../Engine/Content/Localization/Category/es-MX/Category.locres' could not be opened for reading!
[2022.12.13-22.32.17:418][  0]LogTextLocalizationResource: LocRes '../../../Engine/Content/Localization/ToolTips/es-MX/ToolTips.locres' could not be opened for reading!
[2022.12.13-22.32.17:418][  0]LogTextLocalizationResource: LocRes '../../../Engine/Content/Localization/PropertyNames/es-MX/PropertyNames.locres' could not be opened for reading!
[2022.12.13-22.32.17:418][  0]LogTextLocalizationResource: LocRes '../../../Engine/Content/Localization/Engine/es-MX/Engine.locres' could not be opened for reading!
[2022.12.13-22.32.17:424][  0]LogTextLocalizationResource: LocRes '../../../Engine/Plugins/Online/OnlineSubsystemUtils/Content/Localization/OnlineSubsystemUtils/es-MX/OnlineSubsystemUtils.locres' could not be opened for reading!
[2022.12.13-22.32.17:425][  0]LogTextLocalizationResource: LocRes '../../../Engine/Plugins/Online/Android/OnlineSubsystemGooglePlay/Content/Localization/OnlineSubsystemGooglePlay/es-MX/OnlineSubsystemGooglePlay.locres' could not be opened for reading!
[2022.12.13-22.32.17:425][  0]LogTextLocalizationResource: LocRes '../../../Engine/Plugins/Online/IOS/OnlineSubsystemIOS/Content/Localization/OnlineSubsystemIOS/es-MX/OnlineSubsystemIOS.locres' could not be opened for reading!
[2022.12.13-22.32.17:569][  0]LogWindowsTextInputMethodSystem: Display: IME system deactivated.
[2022.12.13-22.32.17:653][  0]LogSlate: New Slate User Created.  User Index 0, Is Virtual User: 0
[2022.12.13-22.32.17:653][  0]LogSlate: Slate User Registered.  User Index 0, Is Virtual User: 0
[2022.12.13-22.32.21:093][  0]LogD3D11RHI: Loaded GFSDK_Aftermath_Lib.x64.dll
[2022.12.13-22.32.21:097][  0]LogHMD: Failed to initialize OpenVR with code 110
[2022.12.13-22.32.21:097][  0]LogD3D11RHI: D3D11 min allowed feature level: 11_0
[2022.12.13-22.32.21:097][  0]LogD3D11RHI: D3D11 max allowed feature level: 11_0
[2022.12.13-22.32.21:097][  0]LogD3D11RHI: D3D11 adapters:
[2022.12.13-22.32.21:155][  0]LogD3D11RHI:    0. 'AMD Radeon(TM) Vega 8 Graphics' (Feature Level 11_0)
[2022.12.13-22.32.21:155][  0]LogD3D11RHI:       2032/0/3028 MB DedicatedVideo/DedicatedSystem/SharedSystem, Outputs:1, VendorId:0x1002
[2022.12.13-22.32.21:158][  0]LogD3D11RHI:    1. 'Microsoft Basic Render Driver' (Feature Level 11_0)
[2022.12.13-22.32.21:158][  0]LogD3D11RHI:       0/0/3028 MB DedicatedVideo/DedicatedSystem/SharedSystem, Outputs:0, VendorId:0x1414
[2022.12.13-22.32.21:158][  0]LogD3D11RHI: Chosen D3D11 Adapter:
[2022.12.13-22.32.21:158][  0]LogD3D11RHI:     Description : AMD Radeon(TM) Vega 8 Graphics
[2022.12.13-22.32.21:158][  0]LogD3D11RHI:     VendorId    : 1002
[2022.12.13-22.32.21:158][  0]LogD3D11RHI:     DeviceId    : 15d8
[2022.12.13-22.32.21:158][  0]LogD3D11RHI:     SubSysId    : 8615103c
[2022.12.13-22.32.21:158][  0]LogD3D11RHI:     Revision    : 00c2
[2022.12.13-22.32.21:158][  0]LogD3D11RHI:     DedicatedVideoMemory : 2131324928 bytes
[2022.12.13-22.32.21:158][  0]LogD3D11RHI:     DedicatedSystemMemory : 0 bytes
[2022.12.13-22.32.21:158][  0]LogD3D11RHI:     SharedSystemMemory : 3175950336 bytes
[2022.12.13-22.32.21:158][  0]LogD3D11RHI:     AdapterLuid : 0 58430
[2022.12.13-22.32.21:166][  0]LogD3D11RHI: Creating new Direct3DDevice
[2022.12.13-22.32.21:166][  0]LogD3D11RHI:     GPU DeviceId: 0x15d8 (for the marketing name, search the web for "GPU Device Id")
[2022.12.13-22.32.21:166][  0]LogWindows: EnumDisplayDevices:
[2022.12.13-22.32.21:166][  0]LogWindows:    0. 'AMD Radeon(TM) Vega 8 Graphics' (P:1 D:1)
[2022.12.13-22.32.21:167][  0]LogWindows:    1. 'AMD Radeon(TM) Vega 8 Graphics' (P:0 D:0)
[2022.12.13-22.32.21:167][  0]LogWindows:    2. 'AMD Radeon(TM) Vega 8 Graphics' (P:0 D:0)
[2022.12.13-22.32.21:167][  0]LogWindows: DebugString: FoundDriverCount:3 
[2022.12.13-22.32.21:167][  0]LogD3D11RHI:     Adapter Name: AMD Radeon(TM) Vega 8 Graphics
[2022.12.13-22.32.21:167][  0]LogD3D11RHI:   Driver Version: AMD Software: Adrenalin Edition 22.20.27.07 (internal:31.0.12027.7000, unified:31.0.12027.7000)
[2022.12.13-22.32.21:167][  0]LogD3D11RHI:      Driver Date: 10-20-2022
[2022.12.13-22.32.21:168][  0]LogRHI: Texture pool is 3188 MB (70% of 4555 MB)
[2022.12.13-22.32.21:269][  0]LogD3D11RHI: Creating D3DDevice with AMD AGS, using adapter:
[2022.12.13-22.32.21:269][  0]LogD3D11RHI:     Description : AMD Radeon(TM) Vega 8 Graphics
[2022.12.13-22.32.21:269][  0]LogD3D11RHI:     VendorId    : 1002
[2022.12.13-22.32.21:269][  0]LogD3D11RHI:     DeviceId    : 15d8
[2022.12.13-22.32.21:269][  0]LogD3D11RHI:     SubSysId    : 8615103c
[2022.12.13-22.32.21:269][  0]LogD3D11RHI:     Revision    : 00c2
[2022.12.13-22.32.21:269][  0]LogD3D11RHI:     DedicatedVideoMemory : 2131324928 bytes
[2022.12.13-22.32.21:269][  0]LogD3D11RHI:     DedicatedSystemMemory : 0 bytes
[2022.12.13-22.32.21:269][  0]LogD3D11RHI:     SharedSystemMemory : 3175950336 bytes
[2022.12.13-22.32.21:269][  0]LogD3D11RHI:     AdapterLuid : 0 58430
[2022.12.13-22.32.21:312][  0]LogD3D11RHI: Created device via AGS, feature level 11_0, supported extensions 1fffffbf.
[2022.12.13-22.32.21:313][  0]LogD3D11RHI: RHI has support for 64 bit atomics
[2022.12.13-22.32.21:313][  0]LogD3D11RHI: Async texture creation enabled
[2022.12.13-22.32.21:313][  0]LogD3D11RHI: Array index from any shader is supported
[2022.12.13-22.32.21:353][  0]LogD3D11RHI: GPU Timing Frequency: 25.000000 (Debug: 2 1)
[2022.12.13-22.32.21:822][  0]LogTargetPlatformManager: Display: Loaded TargetPlatform 'AllDesktop'
[2022.12.13-22.32.21:856][  0]LogTargetPlatformManager: Display: Loaded TargetPlatform 'Android'
[2022.12.13-22.32.21:856][  0]LogTargetPlatformManager: Display: Loaded TargetPlatform 'Android_ASTC'
[2022.12.13-22.32.21:856][  0]LogTargetPlatformManager: Display: Loaded TargetPlatform 'Android_DXT'
[2022.12.13-22.32.21:856][  0]LogTargetPlatformManager: Display: Loaded TargetPlatform 'Android_ETC2'
[2022.12.13-22.32.21:856][  0]LogTargetPlatformManager: Display: Loaded TargetPlatform 'AndroidClient'
[2022.12.13-22.32.21:856][  0]LogTargetPlatformManager: Display: Loaded TargetPlatform 'Android_ASTCClient'
[2022.12.13-22.32.21:856][  0]LogTargetPlatformManager: Display: Loaded TargetPlatform 'Android_DXTClient'
[2022.12.13-22.32.21:856][  0]LogTargetPlatformManager: Display: Loaded TargetPlatform 'Android_ETC2Client'
[2022.12.13-22.32.21:856][  0]LogTargetPlatformManager: Display: Loaded TargetPlatform 'Android_Multi'
[2022.12.13-22.32.21:856][  0]LogTargetPlatformManager: Display: Loaded TargetPlatform 'Android_MultiClient'
[2022.12.13-22.32.21:886][  0]LogTargetPlatformManager: Display: Loaded TargetPlatform 'IOSClient'
[2022.12.13-22.32.21:886][  0]LogTargetPlatformManager: Display: Loaded TargetPlatform 'IOS'
[2022.12.13-22.32.21:905][  0]LogTargetPlatformManager: Display: Loaded TargetPlatform 'Linux'
[2022.12.13-22.32.21:913][  0]LogTargetPlatformManager: Display: Loaded TargetPlatform 'LinuxNoEditor'
[2022.12.13-22.32.21:921][  0]LogTargetPlatformManager: Display: Loaded TargetPlatform 'LinuxClient'
[2022.12.13-22.32.21:930][  0]LogTargetPlatformManager: Display: Loaded TargetPlatform 'LinuxServer'
[2022.12.13-22.32.21:949][  0]LogTargetPlatformManager: Display: Loaded TargetPlatform 'LinuxAArch64NoEditor'
[2022.12.13-22.32.21:956][  0]LogTargetPlatformManager: Display: Loaded TargetPlatform 'LinuxAArch64Client'
[2022.12.13-22.32.21:964][  0]LogTargetPlatformManager: Display: Loaded TargetPlatform 'LinuxAArch64Server'
[2022.12.13-22.32.22:001][  0]LogTargetPlatformManager: Display: Loaded TargetPlatform 'Lumin'
[2022.12.13-22.32.22:001][  0]LogTargetPlatformManager: Display: Loaded TargetPlatform 'LuminClient'
[2022.12.13-22.32.22:017][  0]LogTargetPlatformManager: Display: Loaded TargetPlatform 'MacNoEditor'
[2022.12.13-22.32.22:025][  0]LogTargetPlatformManager: Display: Loaded TargetPlatform 'Mac'
[2022.12.13-22.32.22:032][  0]LogTargetPlatformManager: Display: Loaded TargetPlatform 'MacClient'
[2022.12.13-22.32.22:039][  0]LogTargetPlatformManager: Display: Loaded TargetPlatform 'MacServer'
[2022.12.13-22.32.22:055][  0]LogTargetPlatformManager: Display: Loaded TargetPlatform 'TVOSClient'
[2022.12.13-22.32.22:056][  0]LogTargetPlatformManager: Display: Loaded TargetPlatform 'TVOS'
[2022.12.13-22.32.22:072][  0]LogTargetPlatformManager: Display: Loaded TargetPlatform 'WindowsNoEditor'
[2022.12.13-22.32.22:081][  0]LogTargetPlatformManager: Display: Loaded TargetPlatform 'Windows'
[2022.12.13-22.32.22:090][  0]LogTargetPlatformManager: Display: Loaded TargetPlatform 'WindowsClient'
[2022.12.13-22.32.22:099][  0]LogTargetPlatformManager: Display: Loaded TargetPlatform 'WindowsServer'
[2022.12.13-22.32.22:099][  0]LogTargetPlatformManager: Display: Building Assets For Windows
[2022.12.13-22.32.22:113][  0]LogAudioDebug: Display: Lib vorbis DLL was dynamically loaded.
[2022.12.13-22.32.22:183][  0]LogTextureFormatOodle: Display: Oodle Texture 2.9.0 init RDO Off
[2022.12.13-22.32.22:282][  0]LogRendererCore: Ray tracing is disabled. Reason: r.RayTracing=0.
[2022.12.13-22.32.22:285][  0]LogShaderCompilers: Guid format shader working directory is 12 characters bigger than the processId version (E:/3ro 4to SEMESTRE/Sis457/arcanoid/Intermediate/Shaders/WorkingDirectory/6488/).
[2022.12.13-22.32.22:285][  0]LogShaderCompilers: Cleaned the shader compiler working directory 'C:/Users/Aldrin/AppData/Local/Temp/UnrealShaderWorkingDir/DB364C3B46A25590B7C347A29BC1E166/'.
[2022.12.13-22.32.22:286][  0]LogXGEController: Cannot use XGE Controller as Incredibuild is not installed on this machine.
[2022.12.13-22.32.22:286][  0]LogShaderCompilers: Cannot use XGE Shader Compiler as Incredibuild is not installed on this machine.
[2022.12.13-22.32.22:286][  0]LogShaderCompilers: Display: Using Local Shader Compiler.
[2022.12.13-22.32.26:319][  0]LogDerivedDataCache: Display: Max Cache Size: 512 MB
[2022.12.13-22.32.26:451][  0]LogDerivedDataCache: Loaded boot cache 0.13s 94MB C:/Users/Aldrin/AppData/Local/UnrealEngine/4.27/DerivedDataCache/Boot.ddc.
[2022.12.13-22.32.26:451][  0]LogDerivedDataCache: Display: Loaded Boot cache: C:/Users/Aldrin/AppData/Local/UnrealEngine/4.27/DerivedDataCache/Boot.ddc
[2022.12.13-22.32.26:451][  0]LogDerivedDataCache: FDerivedDataBackendGraph:  Pak pak cache file E:/3ro 4to SEMESTRE/Sis457/arcanoid/DerivedDataCache/DDC.ddp not found, will not use a pak cache.
[2022.12.13-22.32.26:451][  0]LogDerivedDataCache: Unable to find inner node Pak for hierarchical cache Hierarchy.
[2022.12.13-22.32.26:451][  0]LogDerivedDataCache: FDerivedDataBackendGraph:  CompressedPak pak cache file E:/3ro 4to SEMESTRE/Sis457/arcanoid/DerivedDataCache/Compressed.ddp not found, will not use a pak cache.
[2022.12.13-22.32.26:451][  0]LogDerivedDataCache: Unable to find inner node CompressedPak for hierarchical cache Hierarchy.
[2022.12.13-22.32.26:477][  0]LogDerivedDataCache: Display: Pak cache opened for reading ../../../Engine/DerivedDataCache/Compressed.ddp.
[2022.12.13-22.32.26:477][  0]LogDerivedDataCache: FDerivedDataBackendGraph:  EnterprisePak pak cache file ../../../Enterprise/DerivedDataCache/Compressed.ddp not found, will not use a pak cache.
[2022.12.13-22.32.26:477][  0]LogDerivedDataCache: Unable to find inner node EnterprisePak for hierarchical cache Hierarchy.
[2022.12.13-22.32.26:501][  0]LogDerivedDataCache: Speed tests for C:/Users/Aldrin/AppData/Local/UnrealEngine/Common/DerivedDataCache took 0.02 seconds
[2022.12.13-22.32.26:501][  0]LogDerivedDataCache: Display: Performance to C:/Users/Aldrin/AppData/Local/UnrealEngine/Common/DerivedDataCache: Latency=0.24ms. RandomReadSpeed=84.92MBs, RandomWriteSpeed=94.43MBs. Assigned SpeedClass 'Local'
[2022.12.13-22.32.26:502][  0]LogDerivedDataCache: Using Local data cache path C:/Users/Aldrin/AppData/Local/UnrealEngine/Common/DerivedDataCache: Writable
[2022.12.13-22.32.26:502][  0]LogDerivedDataCache: Shared data cache path not found in *engine.ini, will not use an Shared cache.
[2022.12.13-22.32.26:502][  0]LogDerivedDataCache: Unable to find inner node Shared for hierarchical cache Hierarchy.
[2022.12.13-22.32.26:565][  0]LogSlate: Using FreeType 2.10.0
[2022.12.13-22.32.26:583][  0]LogSlate: SlateFontServices - WITH_FREETYPE: 1, WITH_HARFBUZZ: 1
[2022.12.13-22.32.26:634][  0]LogAssetRegistry: FAssetRegistry took 0.0077 seconds to start up
[2022.12.13-22.32.27:431][  0]LogInit: Selected Device Profile: [Windows]
[2022.12.13-22.32.27:431][  0]LogInit: Active device profile: [000001C3A18B8F00][000001C3933BED00 49] Windows
[2022.12.13-22.32.27:431][  0]LogInit: Profiles: [000001C3A18B8F00][000001C3933BED00 49] Windows, [000001C3A186A400][000001C3A1CBCE80 49] WindowsNoEditor, [000001C3A18B9F00][000001C3A1CC1000 49] WindowsServer, [000001C3A1869500][000001C3A1CC5180 49] WindowsClient, [000001C3A18B9200][000001C3A1CC9300 49] IOS, [000001C3A186BA00][000001C3A1CCD480 49] iPadAir, [000001C3A18BB300][000001C3A1CD1600 49] iPadAir2, [000001C3A17F5300][000001C3A1CD98C0 49] IPadPro, [000001C3A17F5400][000001C3A1CD5900 49] iPadAir3, [000001C3A1868B00][000001C3A1CDDA80 49] iPadAir4, [000001C3A17F6100][000001C3A1CE1C00 49] iPadMini2, [000001C3A186B400][000001C3A1CE4200 49] iPadMini3, [000001C3A17F6C00][000001C3A1CE8380 49] iPadMini4, [000001C3A186A600][000001C3A1CEC500 49] iPadMini5, [000001C3A1828E00][000001C3A1CF0740 49] iPhone6, [000001C3A1828F00][000001C3933C2780 49] iPodTouch6, [000001C3A18BB700][000001C3A1CF89C0 49] iPhone7, [000001C3A18BA800][000001C3A1CF4A00 49] iPodTouch7, [000001C3A17F5100][000001C3A1D00B80 49] iPhone5S, [000001C3A18B9100][000001C3A1D04D00 49] iPhone6Plus, [000001C3A17F6A00][000001C3A1D08E80 49] iPhone6S, [000001C3A18B9A00][000001C3A1D0D000 49] iPhone6SPlus, [000001C3A1828100][000001C3A1D11180 49] iPhone7Plus, [000001C3A17F5D00][000001C3A1D15300 49] iPhoneSE, [000001C3A1828C00][000001C3A1D19480 49] iPhone8, [000001C3A17F4400][000001C3A1D1D600 49] iPhone8Plus, [000001C3A182AA00][000001C3A1D21780 49] iPhoneX, [000001C3A17F7C00][000001C3A1D25900 49] iPhoneXS, [000001C3A182A900][000001C3A1D29A80 49] iPhoneXSMax, [000001C3A17F4B00][000001C3A1D2DC00 49] iPhoneXR, [000001C3A18BB800][000001C3A1D30200 49] iPhone11, [000001C3A17F7D00][000001C3A1D3C380 49] iPhone11Pro, [000001C3A18B9B00][000001C3A1D40500 49] iPhone11ProMax, [000001C3A17F5500][000001C3A1D44680 49] iPhoneSE2, [000001C3A18B9E00][000001C3A1CFC7C0 49] iPhone12Mini, [000001C3A17F7100][000001C3A1D48900 49] iPhone12, [000001C3A18BB400][000001C3A1D4CA40 49] iPhone12Pro, [000001C3A17F4D00][000001C3A1D50B80 49] iPhone12ProMax, [000001C3A18BBC00][000001C3A1D58D00 49] iPadPro105, [000001C3A17F7700][000001C3A1D5CE80 49] iPadPro129, [000001C3A18BAA00][000001C3A1D61000 49] iPadPro97, [000001C3A17F4900][000001C3A1D65180 49] iPadPro2_129, [000001C3A18B8800][000001C3A1D69300 49] iPad5, [000001C3A17F5000][000001C3A1D6D480 49] iPad6, [000001C3A18B8400][000001C3A1D71600 49] iPad7, [000001C3A17F6B00][000001C3A1D75780 49] iPad8, [000001C3A18BB500][000001C3A1D79900 49] iPadPro11, [000001C3A17F5800][000001C3A1D7DA80 49] iPadPro2_11, [000001C3A18B8900][000001C3A1D81C00 49] iPadPro3_129, [000001C3A17F6800][000001C3A1D84200 49] iPadPro4_129, [000001C3A18BAE00][000001C3A1D88380 49] AppleTV, [000001C3A17F7E00][000001C3A1D8C500 49] AppleTV4K, [000001C3A18B8500][000001C3A1D90680 49] TVOS, [000001C3A17F5700][000001C3A1D94800 49] Mac, [000001C3A18BA300][000001C3A1D54940 49] MacClient, [000001C3A17F4800][000001C3A1D98A80 49] MacNoEditor, [000001C3A18B9000][000001C3A1D9CBC0 49] MacServer, [000001C3A17F4500][000001C3A1DA0D00 49] Linux, [000001C3A18BAB00][000001C3A1DA8E80 49] LinuxAArch64, [000001C3A17F5600][000001C3A1DAD000 49] LinuxNoEditor, [000001C3A18BA100][000001C3A1DB1180 49] LinuxAArch64NoEditor, [000001C3A17F7900][000001C3A1DB5300 49] LinuxClient, [000001C3A18BA600][000001C3A1DB9480 49] LinuxAArch64Client, [000001C3A17F6300][000001C3A1DBD600 49] LinuxServer, [000001C3A18B8700][000001C3A1DC1780 49] LinuxAArch64Server, [000001C3A17F5A00][000001C3A1DC5900 49] Android, [000001C3A18BA200][000001C3A1DC9A80 49] Android_Low, [000001C3A17F5C00][000001C3A1DCDC00 49] Android_Mid, [000001C3A18B9300][000001C3A1DD0200 49] Android_High, [000001C3A17F4E00][000001C3A1DD4380 49] Android_Default, [000001C3A18BB600][000001C3A1DD8500 49] Android_Adreno4xx, [000001C3A17F4F00][000001C3A1DDC680 49] Android_Adreno5xx_Low, [000001C3A18BBB00][000001C3A1DE0800 49] Android_Adreno5xx, [000001C3A17F7A00][000001C3A1DE4980 49] Android_Adreno6xx, [000001C3A18B8B00][000001C3A1E08B00 49] Android_Adreno6xx_Vulkan, [000001C3A17F5900][000001C3A1DA4C40 49] Android_Mali_T6xx, [000001C3A18B8A00][000001C3A1E2CD80 49] Android_Mali_T7xx, [000001C3A1869400][000001C3A1E30EC0 49] Android_Mali_T8xx, [000001C3A1828500][000001C3A1E39040 49] Android_Mali_G71, [000001C3A1868600][000001C3A1E3D1C0 49] Android_Mali_G72, [000001C3A1828300][000001C3A1E41340 49] Android_Mali_G72_Vulkan, [000001C3A186B300][000001C3A1E454C0 49] Android_Mali_G76, [000001C3A1829000][000001C3A1E49640 49] Android_Mali_G76_Vulkan, [000001C3A186A000][000001C3A1E4D7C0 49] Android_Mali_G77, [000001C3A182AF00][000001C3A1E51940 49] Android_Mali_G77_Vulkan, [000001C3A1868E00][000001C3A1E55AC0 49] Android_Mali_G78, [000001C3A182B100][000001C3A1E580C0 49] Android_Mali_G78_Vulkan, [000001C3A1868800][000001C3A1E5C240 49] Android_Mali_G710, [000001C3A182AC00][000001C3A1E603C0 49] Android_Mali_G710_Vulkan, [000001C3A186B600][000001C3A1E64540 49] Android_Vulkan_SM5, [000001C3A182B500][000001C3A1E686C0 49] Android_PowerVR_G6xxx, [000001C3A1869900][000001C3A1E6C840 49] Android_PowerVR_GT7xxx, [000001C3A1829D00][000001C3A1E709C0 49] Android_PowerVR_GE8xxx, [000001C3A186AD00][000001C3A1E74B40 49] Android_PowerVR_GM9xxx, [000001C3A1828800][000001C3A1E78CC0 49] Android_PowerVR_GM9xxx_Vulkan, [000001C3A186B100][000001C3A1E34E00 49] Android_TegraK1, [000001C3A1829200][000001C3A1E7CF40 49] Android_Unknown_Vulkan, [000001C3A186A300][000001C3A1E81080 49] Lumin, [000001C3A182B700][000001C3A1E851C0 49] Lumin_Desktop, [000001C3A186A800][000001C3A1E8D340 49] HoloLens, 
[2022.12.13-22.32.27:780][  0]LogMeshReduction: Using QuadricMeshReduction for automatic static mesh reduction
[2022.12.13-22.32.27:780][  0]LogMeshReduction: Using SimplygonMeshReduction for automatic skeletal mesh reduction
[2022.12.13-22.32.27:780][  0]LogMeshReduction: Using ProxyLODMeshReduction for automatic mesh merging
[2022.12.13-22.32.27:780][  0]LogMeshReduction: No distributed automatic mesh merging module available
[2022.12.13-22.32.27:781][  0]LogMeshMerging: No distributed automatic mesh merging module available
[2022.12.13-22.32.27:846][  0]LogNetVersion: Arcanoid 1.0.0, NetCL: 17155196, EngineNetVer: 17, GameNetVer: 0 (Checksum: 2845438061)
[2022.12.13-22.32.29:042][  0]LogTexture: Default maximum texture size for cubemaps generated from long-lat sources has been changed from 512 to unlimited. In order to preserve old behaiour for '/Engine/MapTemplates/Sky/DaylightAmbientCubemap.DaylightAmbientCubemap', its maximum texture size has been explicitly set to 512.
[2022.12.13-22.32.29:181][  0]LogHMD: PokeAHoleMaterial loaded successfully
[2022.12.13-22.32.29:197][  0]LogUObjectArray: 17178 objects as part of root set at end of initial load.
[2022.12.13-22.32.29:197][  0]LogUObjectAllocator: 4302048 out of 0 bytes used by permanent object pool.
[2022.12.13-22.32.29:197][  0]LogUObjectArray: CloseDisregardForGC: 0/0 objects in disregard for GC pool
[2022.12.13-22.32.30:113][  0]LogNiagaraDebuggerClient: Niagara Debugger Client Initialized | Session: 5683E17246E85A77302D5A8DCD324C05 | Instance: 63022F6D4AE5A1232B746DA112A6EA9B (DESKTOP-82CK33O-6488).
[2022.12.13-22.32.30:506][  0]LogTcpMessaging: Initializing TcpMessaging bridge
[2022.12.13-22.32.30:520][  0]LogUdpMessaging: Initializing bridge on interface 0.0.0.0:0 to multicast group 230.0.0.1:6666.
[2022.12.13-22.32.30:568][  0]LogPython: Using Python 3.7.7
[2022.12.13-22.32.31:710][  0]LogLinker: Warning: [AssetLog] E:\3ro 4to SEMESTRE\Sis457\arcanoid\Content\Materials\M_Brick.uasset: Failed to load '/Game/Materials/CollisionMaterial': Can't find file.
[2022.12.13-22.32.31:710][  0]LogLinker: Warning: [AssetLog] E:\3ro 4to SEMESTRE\Sis457\arcanoid\Content\Materials\M_Brick.uasset: Failed to load '/Game/Materials/CollisionMaterial': Can't find file.
[2022.12.13-22.32.31:710][  0]LogLinker: Warning: [AssetLog] E:\3ro 4to SEMESTRE\Sis457\arcanoid\Content\Materials\M_Brick.uasset: Failed to load '/Game/Materials/CollisionMaterial': Can't find file.
[2022.12.13-22.32.31:710][  0]LogLinker: Warning: [AssetLog] E:\3ro 4to SEMESTRE\Sis457\arcanoid\Content\Meshes\SM_Brick.uasset: Failed to load '/Game/Materials/CollisionMaterial': Can't find file.
[2022.12.13-22.32.31:711][  0]LogLinker: Warning: [AssetLog] E:\3ro 4to SEMESTRE\Sis457\arcanoid\Content\Meshes\SM_Brick.uasset: Failed to load '/Game/Materials/CollisionMaterial': Can't find file.
[2022.12.13-22.32.31:711][  0]LogLinker: Warning: [AssetLog] E:\3ro 4to SEMESTRE\Sis457\arcanoid\Content\Materials\M_Brick.uasset: Failed to load '/Game/Materials/CollisionMaterial': Can't find file.
[2022.12.13-22.32.31:711][  0]LoadErrors: Error al cargar /Game/Materials/CollisionMaterial.CollisionMaterial Referenciado por M_Brick
[2022.12.13-22.32.31:711][  0]LogLinker: Warning: [AssetLog] E:\3ro 4to SEMESTRE\Sis457\arcanoid\Content\Meshes\SM_Brick.uasset: Failed to load '/Game/Materials/CollisionMaterial': Can't find file.
[2022.12.13-22.32.31:712][  0]LoadErrors: Error al cargar /Game/Materials/CollisionMaterial.CollisionMaterial Referenciado por BodySetup_0
[2022.12.13-22.32.31:952][  0]SourceControl: El control de código fuente está desactivado
[2022.12.13-22.32.31:952][  0]SourceControl: El control de código fuente está desactivado
[2022.12.13-22.32.31:963][  0]SourceControl: El control de código fuente está desactivado
[2022.12.13-22.32.31:976][  0]SourceControl: El control de código fuente está desactivado
[2022.12.13-22.32.31:994][  0]SourceControl: El control de código fuente está desactivado
[2022.12.13-22.32.32:005][  0]LogUProjectInfo: Found projects:
[2022.12.13-22.32.32:497][  0]LogOpenImageDenoise: OIDN starting up
[2022.12.13-22.32.32:521][  0]LogAndroidPermission: UAndroidPermissionCallbackProxy::GetInstance
[2022.12.13-22.32.32:567][  0]LogAudioCaptureCore: Display: No Audio Capture implementations found. Audio input will be silent.
[2022.12.13-22.32.32:567][  0]LogAudioCaptureCore: Display: No Audio Capture implementations found. Audio input will be silent.
[2022.12.13-22.32.32:772][  0]LogCollectionManager: Loaded 0 collections in 0.002974 seconds
[2022.12.13-22.32.32:819][  0]LogFileCache: Scanning file cache for directory 'E:/3ro 4to SEMESTRE/Sis457/arcanoid/Saved/Collections/' took 0.00s
[2022.12.13-22.32.32:819][  0]LogFileCache: Scanning file cache for directory 'E:/3ro 4to SEMESTRE/Sis457/arcanoid/Content/Developers/Aldrin/Collections/' took 0.00s
[2022.12.13-22.32.32:819][  0]LogFileCache: Scanning file cache for directory 'E:/3ro 4to SEMESTRE/Sis457/arcanoid/Content/Collections/' took 0.00s
[2022.12.13-22.32.32:819][  0]LogOcInput: OculusInput pre-init called
[2022.12.13-22.32.33:161][  0]LogEngine: Initializing Engine...
[2022.12.13-22.32.33:169][  0]LogHMD: Failed to enumerate extensions. Please check that you have a valid OpenXR runtime installed.
[2022.12.13-22.32.33:170][  0]LogHMD: Failed to initialize OpenVR with code 110
[2022.12.13-22.32.33:170][  0]LogMagicLeap: Warning: VR disabled because ZI is not enabled.  To enable, in the editor, Edit -> Project Settings -> Plugins -> Magic Leap Plugin -> Enable Zero Iteration
[2022.12.13-22.32.33:174][  0]LogStats: UGameplayTagsManager::InitializeManager -  0.001 s
[2022.12.13-22.32.33:339][  0]LogInit: Initializing FReadOnlyCVARCache
[2022.12.13-22.32.33:373][  0]LogAIModule: Creating AISystem for world Untitled
[2022.12.13-22.32.33:377][  0]LogAudio: Display: Initializing Audio Device Manager...
[2022.12.13-22.32.33:383][  0]LogAudio: Display: Loading Default Audio Settings Objects...
[2022.12.13-22.32.33:384][  0]LogAudio: Display: No default SoundConcurrencyObject specified (or failed to load).
[2022.12.13-22.32.33:385][  0]LogAudio: Display: Audio Device Manager Initialized
[2022.12.13-22.32.33:385][  0]LogAudio: Display: Creating Audio Device:                 Id: 1, Scope: Shared, Realtime: True
[2022.12.13-22.32.33:386][  0]LogAudioMixer: Display: Audio Mixer Platform Settings:
[2022.12.13-22.32.33:386][  0]LogAudioMixer: Display: 	Sample Rate:						  48000
[2022.12.13-22.32.33:386][  0]LogAudioMixer: Display: 	Callback Buffer Frame Size Requested: 1024
[2022.12.13-22.32.33:386][  0]LogAudioMixer: Display: 	Callback Buffer Frame Size To Use:	  1024
[2022.12.13-22.32.33:386][  0]LogAudioMixer: Display: 	Number of buffers to queue:			  2
[2022.12.13-22.32.33:386][  0]LogAudioMixer: Display: 	Max Channels (voices):				  32
[2022.12.13-22.32.33:386][  0]LogAudioMixer: Display: 	Number of Async Source Workers:		  0
[2022.12.13-22.32.33:386][  0]LogAudio: Display: AudioDevice MaxSources: 32
[2022.12.13-22.32.33:387][  0]LogAudio: Display: Audio Spatialization Plugin: None (built-in).
[2022.12.13-22.32.33:387][  0]LogAudio: Display: Audio Reverb Plugin: None (built-in).
[2022.12.13-22.32.33:387][  0]LogAudio: Display: Audio Occlusion Plugin: None (built-in).
[2022.12.13-22.32.33:387][  0]LogAudioMixer: Display: Initializing audio mixer.
[2022.12.13-22.32.33:407][  0]LogAudioMixer: Display: 0: FrontLeft
[2022.12.13-22.32.33:407][  0]LogAudioMixer: Display: 1: FrontRight
[2022.12.13-22.32.34:284][  0]LogAudioMixer: Display: Using Audio Device Altavoz/Auricular (Realtek(R) Audio)
[2022.12.13-22.32.34:294][  0]LogAudioMixer: Display: Initializing Sound Submixes...
[2022.12.13-22.32.34:296][  0]LogAudioMixer: Display: Creating Master Submix 'MasterSubmixDefault'
[2022.12.13-22.32.34:296][  0]LogAudioMixer: Display: Creating Master Submix 'MasterReverbSubmixDefault'
[2022.12.13-22.32.34:298][  0]LogAudioMixer: Display: Creating Master Submix 'MasterEQSubmixDefault'
[2022.12.13-22.32.34:298][  0]LogAudioMixer: FMixerPlatformXAudio2::StartAudioStream() called
[2022.12.13-22.32.34:298][  0]LogAudioMixer: Display: Output buffers initialized: Frames=1024, Channels=2, Samples=2048
[2022.12.13-22.32.34:299][  0]LogAudioMixer: Display: Starting AudioMixerPlatformInterface::RunInternal()
[2022.12.13-22.32.34:299][  0]LogAudioMixer: Display: FMixerPlatformXAudio2::SubmitBuffer() called for the first time
[2022.12.13-22.32.34:299][  0]LogInit: FAudioDevice initialized.
[2022.12.13-22.32.34:300][  0]LogAudio: Display: Audio Device (ID: 1) registered with world 'Untitled'.
[2022.12.13-22.32.34:300][  0]LogNetVersion: Set ProjectVersion to 1.0.0.0. Version Checksum will be recalculated on next use.
[2022.12.13-22.32.34:385][  0]LogDerivedDataCache: Saved boot cache 0.08s 94MB C:/Users/Aldrin/AppData/Local/UnrealEngine/4.27/DerivedDataCache/Boot.ddc.
[2022.12.13-22.32.34:385][  0]LogInit: Texture streaming: Enabled
[2022.12.13-22.32.34:410][  0]LogAnalytics: Display: [UEEditor.Rocket.Release] APIServer = https://datarouter.ol.epicgames.com/. AppVersion = 4.27.2-18319896+++UE4+Release-4.27
[2022.12.13-22.32.34:416][  0]LogEngineSessionManager: EngineSessionManager initialized
[2022.12.13-22.32.34:416][  0]LogEditorSessionSummary: Verbose: Initializing EditorSessionSummaryWriter for editor session tracking
[2022.12.13-22.32.34:419][  0]LogEditorSessionSummary: EditorSessionSummaryWriter initialized
[2022.12.13-22.32.34:459][  0]LogInit: Transaction tracking system initialized
[2022.12.13-22.32.34:510][  0]BlueprintLog: New page: Cargar el editor
[2022.12.13-22.32.34:667][  0]LocalizationService: Localization service is disabled
[2022.12.13-22.32.34:726][  0]TimingProfiler: Initialize
[2022.12.13-22.32.34:728][  0]TimingProfiler: OnSessionChanged
[2022.12.13-22.32.34:728][  0]LoadingProfiler: Initialize
[2022.12.13-22.32.34:729][  0]LoadingProfiler: OnSessionChanged
[2022.12.13-22.32.34:729][  0]NetworkingProfiler: Initialize
[2022.12.13-22.32.34:729][  0]NetworkingProfiler: OnSessionChanged
[2022.12.13-22.32.34:729][  0]MemoryProfiler: Initialize
[2022.12.13-22.32.34:729][  0]MemoryProfiler: OnSessionChanged
[2022.12.13-22.32.34:992][  0]LogFileCache: Scanning file cache for directory 'E:/3ro 4to SEMESTRE/Sis457/arcanoid/Content/' took 0.00s
[2022.12.13-22.32.34:992][  0]LogCook: Display: CookSettings for Memory: MemoryMaxUsedVirtual 0MiB, MemoryMaxUsedPhysical 16384MiB, MemoryMinFreeVirtual 0MiB, MemoryMinFreePhysical 1024MiB
[2022.12.13-22.32.34:992][  0]LogCook: Display: Mobile HDR setting 1
[2022.12.13-22.32.35:583][  0]LogInit: Display: Engine is initialized. Leaving FEngineLoop::Init()
[2022.12.13-22.32.35:590][  0]SourceControl: El control de código fuente está desactivado
[2022.12.13-22.32.35:702][  0]LogSlate: Took 0.007303 seconds to synchronously load lazily loaded font '../../../Engine/Content/Slate/Fonts/Roboto-Regular.ttf' (155K)
[2022.12.13-22.33.33:328][  0]LogSlate: Window 'Recuperar los paquetes' being destroyed
[2022.12.13-22.33.38:804][  0]LogSlate: Window '¡Imposible salir del control del código fuente!' being destroyed
[2022.12.13-22.33.38:808][  0]Message dialog closed, result: Ok, title: ¡Imposible salir del control del código fuente!, text: Los siguientes activos no se han revisado correctamente en el control del código fuente: 
/Game/Maps/arcanoid_map
[2022.12.13-22.33.38:824][  0]LogUnrealEdMisc: Loading editor; pre map load, took 84.286
[2022.12.13-22.33.38:825][  0]Cmd: MAP LOAD FILE="E:/3ro 4to SEMESTRE/Sis457/arcanoid/Content/Maps/arcanoid_map.umap" TEMPLATE=0 SHOWPROGRESS=1 FEATURELEVEL=3
[2022.12.13-22.33.38:828][  0]LightingResults: New page: Diseñar la iluminación
[2022.12.13-22.33.38:835][  0]LogWorld: UWorld::CleanupWorld for Untitled, bSessionEnded=true, bCleanupResources=true
[2022.12.13-22.33.38:835][  0]LogSlate: InvalidateAllWidgets triggered.  All widgets were invalidated
[2022.12.13-22.33.38:836][  0]MapCheck: New page: Revisión del mapa
[2022.12.13-22.33.38:837][  0]LightingResults: New page: Diseñar la iluminación
[2022.12.13-22.33.38:850][  0]LogAudio: Display: Audio Device unregistered from world 'None'.
[2022.12.13-22.33.38:857][  0]LogUObjectHash: Compacting FUObjectHashTables data took   1.57ms
[2022.12.13-22.33.38:922][  0]LogLinker: Warning: [AssetLog] E:\3ro 4to SEMESTRE\Sis457\arcanoid\Content\Meshes\SM_Wall.uasset: Failed to load '/Game/Materials/CollisionMaterial': Can't find file.
[2022.12.13-22.33.38:922][  0]LogLinker: Warning: [AssetLog] E:\3ro 4to SEMESTRE\Sis457\arcanoid\Content\Meshes\SM_Wall.uasset: Failed to load '/Game/Materials/CollisionMaterial': Can't find file.
[2022.12.13-22.33.38:922][  0]LogLinker: Warning: [AssetLog] E:\3ro 4to SEMESTRE\Sis457\arcanoid\Content\Meshes\SM_Wall.uasset: Failed to load '/Game/Materials/CollisionMaterial': Can't find file.
[2022.12.13-22.33.38:929][  0]LogLinker: Warning: [AssetLog] E:\3ro 4to SEMESTRE\Sis457\arcanoid\Content\Meshes\SM_Wall.uasset: Failed to load '/Game/Materials/CollisionMaterial': Can't find file.
[2022.12.13-22.33.38:929][  0]LoadErrors: Error al cargar /Game/Materials/CollisionMaterial.CollisionMaterial Referenciado por BodySetup_0
[2022.12.13-22.33.38:971][  0]LogAudio: Display: Audio Device (ID: 1) registered with world 'arcanoid_map'.
[2022.12.13-22.33.38:973][  0]LogAIModule: Creating AISystem for world arcanoid_map
[2022.12.13-22.33.38:991][  0]LogEditorServer: Finished looking for orphan Actors (0.000 secs)
[2022.12.13-22.33.39:004][  0]LogUObjectHash: Compacting FUObjectHashTables data took   1.33ms
[2022.12.13-22.33.39:005][  0]Cmd: MAP CHECKDEP NOCLEARLOG
[2022.12.13-22.33.39:006][  0]MapCheck: Map check complete: 0 Error(s), 0 Warning(s), took 0,303ms to complete.
[2022.12.13-22.33.39:006][  0]LogFileHelpers: Loading map 'arcanoid_map' took 0.181
[2022.12.13-22.33.39:027][  0]LogUnrealEdMisc: Total Editor Startup Time, took 84.489
[2022.12.13-22.33.39:141][  0]LogSlate: Updating window title bar state: overlay mode, drag disabled, window buttons hidden, title bar hidden
[2022.12.13-22.33.39:149][  0]LogSlate: Updating window title bar state: overlay mode, drag disabled, window buttons hidden, title bar hidden
[2022.12.13-22.33.39:157][  0]LogSlate: Updating window title bar state: overlay mode, drag disabled, window buttons hidden, title bar hidden
[2022.12.13-22.33.39:165][  0]LogSlate: Updating window title bar state: overlay mode, drag disabled, window buttons hidden, title bar hidden
[2022.12.13-22.33.39:206][  0]LogNativeClassHierarchy: Verbose: Native class hierarchy populated in 0.0147 seconds. Added 3826 classes and 930 folders.
[2022.12.13-22.33.39:213][  0]LogNativeClassHierarchy: Verbose: Native class hierarchy updated for 'WidgetCarousel' in 0.0004 seconds. Added 0 classes and 0 folders.
[2022.12.13-22.33.39:228][  0]LogPakFile: PakFile PrimaryIndexSize=187
[2022.12.13-22.33.39:228][  0]LogPakFile: PakFile PathHashIndexSize=101
[2022.12.13-22.33.39:228][  0]LogPakFile: PakFile FullDirectoryIndexSize=148
[2022.12.13-22.33.39:228][  0]LogShaderLibrary: Display: ShaderCodeLibraryPakFileMountedCallback: PakFile 'C:/Program Files/Epic Games/UE_4.27/FeaturePacks/FP_FirstPerson.upack' (chunk index -1, root 'root:/') mounted
[2022.12.13-22.33.39:228][  0]LogShaderLibrary: Display: ShaderCodeLibraryPakFileMountedCallback: pending pak file info (ChunkID:-1 Root:root:/ File:C:/Program Files/Epic Games/UE_4.27/FeaturePacks/FP_FirstPerson.upack)
[2022.12.13-22.33.39:228][  0]LogPakFile: OnPakFileMounted2Time == 0.000249
[2022.12.13-22.33.39:238][  0]LogPakFile: PakFile PrimaryIndexSize=189
[2022.12.13-22.33.39:238][  0]LogPakFile: PakFile PathHashIndexSize=101
[2022.12.13-22.33.39:238][  0]LogPakFile: PakFile FullDirectoryIndexSize=152
[2022.12.13-22.33.39:238][  0]LogShaderLibrary: Display: ShaderCodeLibraryPakFileMountedCallback: PakFile 'C:/Program Files/Epic Games/UE_4.27/FeaturePacks/FP_FirstPersonBP.upack' (chunk index -1, root 'root:/') mounted
[2022.12.13-22.33.39:238][  0]LogShaderLibrary: Display: ShaderCodeLibraryPakFileMountedCallback: pending pak file info (ChunkID:-1 Root:root:/ File:C:/Program Files/Epic Games/UE_4.27/FeaturePacks/FP_FirstPersonBP.upack)
[2022.12.13-22.33.39:238][  0]LogPakFile: OnPakFileMounted2Time == 0.000074
[2022.12.13-22.33.39:245][  0]LogPakFile: PakFile PrimaryIndexSize=191
[2022.12.13-22.33.39:245][  0]LogPakFile: PakFile PathHashIndexSize=101
[2022.12.13-22.33.39:245][  0]LogPakFile: PakFile FullDirectoryIndexSize=160
[2022.12.13-22.33.39:245][  0]LogShaderLibrary: Display: ShaderCodeLibraryPakFileMountedCallback: PakFile 'C:/Program Files/Epic Games/UE_4.27/FeaturePacks/MobileStarterContent.upack' (chunk index -1, root 'root:/') mounted
[2022.12.13-22.33.39:245][  0]LogShaderLibrary: Display: ShaderCodeLibraryPakFileMountedCallback: pending pak file info (ChunkID:-1 Root:root:/ File:C:/Program Files/Epic Games/UE_4.27/FeaturePacks/MobileStarterContent.upack)
[2022.12.13-22.33.39:245][  0]LogPakFile: OnPakFileMounted2Time == 0.000094
[2022.12.13-22.33.39:252][  0]LogPakFile: PakFile PrimaryIndexSize=185
[2022.12.13-22.33.39:252][  0]LogPakFile: PakFile PathHashIndexSize=101
[2022.12.13-22.33.39:252][  0]LogPakFile: PakFile FullDirectoryIndexSize=148
[2022.12.13-22.33.39:252][  0]LogShaderLibrary: Display: ShaderCodeLibraryPakFileMountedCallback: PakFile 'C:/Program Files/Epic Games/UE_4.27/FeaturePacks/StarterContent.upack' (chunk index -1, root 'root:/') mounted
[2022.12.13-22.33.39:252][  0]LogShaderLibrary: Display: ShaderCodeLibraryPakFileMountedCallback: pending pak file info (ChunkID:-1 Root:root:/ File:C:/Program Files/Epic Games/UE_4.27/FeaturePacks/StarterContent.upack)
[2022.12.13-22.33.39:252][  0]LogPakFile: OnPakFileMounted2Time == 0.000098
[2022.12.13-22.33.39:260][  0]LogPakFile: PakFile PrimaryIndexSize=190
[2022.12.13-22.33.39:260][  0]LogPakFile: PakFile PathHashIndexSize=101
[2022.12.13-22.33.39:260][  0]LogPakFile: PakFile FullDirectoryIndexSize=154
[2022.12.13-22.33.39:260][  0]LogShaderLibrary: Display: ShaderCodeLibraryPakFileMountedCallback: PakFile 'C:/Program Files/Epic Games/UE_4.27/FeaturePacks/TP_2DSideScroller.upack' (chunk index -1, root 'root:/') mounted
[2022.12.13-22.33.39:260][  0]LogShaderLibrary: Display: ShaderCodeLibraryPakFileMountedCallback: pending pak file info (ChunkID:-1 Root:root:/ File:C:/Program Files/Epic Games/UE_4.27/FeaturePacks/TP_2DSideScroller.upack)
[2022.12.13-22.33.39:260][  0]LogPakFile: OnPakFileMounted2Time == 0.000094
[2022.12.13-22.33.39:267][  0]LogPakFile: PakFile PrimaryIndexSize=192
[2022.12.13-22.33.39:267][  0]LogPakFile: PakFile PathHashIndexSize=101
[2022.12.13-22.33.39:267][  0]LogPakFile: PakFile FullDirectoryIndexSize=158
[2022.12.13-22.33.39:267][  0]LogShaderLibrary: Display: ShaderCodeLibraryPakFileMountedCallback: PakFile 'C:/Program Files/Epic Games/UE_4.27/FeaturePacks/TP_2DSideScrollerBP.upack' (chunk index -1, root 'root:/') mounted
[2022.12.13-22.33.39:267][  0]LogShaderLibrary: Display: ShaderCodeLibraryPakFileMountedCallback: pending pak file info (ChunkID:-1 Root:root:/ File:C:/Program Files/Epic Games/UE_4.27/FeaturePacks/TP_2DSideScrollerBP.upack)
[2022.12.13-22.33.39:267][  0]LogPakFile: OnPakFileMounted2Time == 0.000121
[2022.12.13-22.33.39:274][  0]LogPakFile: PakFile PrimaryIndexSize=182
[2022.12.13-22.33.39:274][  0]LogPakFile: PakFile PathHashIndexSize=101
[2022.12.13-22.33.39:274][  0]LogPakFile: PakFile FullDirectoryIndexSize=138
[2022.12.13-22.33.39:274][  0]LogShaderLibrary: Display: ShaderCodeLibraryPakFileMountedCallback: PakFile 'C:/Program Files/Epic Games/UE_4.27/FeaturePacks/TP_Flying.upack' (chunk index -1, root 'root:/') mounted
[2022.12.13-22.33.39:274][  0]LogShaderLibrary: Display: ShaderCodeLibraryPakFileMountedCallback: pending pak file info (ChunkID:-1 Root:root:/ File:C:/Program Files/Epic Games/UE_4.27/FeaturePacks/TP_Flying.upack)
[2022.12.13-22.33.39:274][  0]LogPakFile: OnPakFileMounted2Time == 0.000093
[2022.12.13-22.33.39:282][  0]LogPakFile: PakFile PrimaryIndexSize=184
[2022.12.13-22.33.39:282][  0]LogPakFile: PakFile PathHashIndexSize=101
[2022.12.13-22.33.39:282][  0]LogPakFile: PakFile FullDirectoryIndexSize=142
[2022.12.13-22.33.39:282][  0]LogShaderLibrary: Display: ShaderCodeLibraryPakFileMountedCallback: PakFile 'C:/Program Files/Epic Games/UE_4.27/FeaturePacks/TP_FlyingBP.upack' (chunk index -1, root 'root:/') mounted
[2022.12.13-22.33.39:282][  0]LogShaderLibrary: Display: ShaderCodeLibraryPakFileMountedCallback: pending pak file info (ChunkID:-1 Root:root:/ File:C:/Program Files/Epic Games/UE_4.27/FeaturePacks/TP_FlyingBP.upack)
[2022.12.13-22.33.39:282][  0]LogPakFile: OnPakFileMounted2Time == 0.000092
[2022.12.13-22.33.39:290][  0]LogPakFile: PakFile PrimaryIndexSize=188
[2022.12.13-22.33.39:290][  0]LogPakFile: PakFile PathHashIndexSize=101
[2022.12.13-22.33.39:290][  0]LogPakFile: PakFile FullDirectoryIndexSize=150
[2022.12.13-22.33.39:290][  0]LogShaderLibrary: Display: ShaderCodeLibraryPakFileMountedCallback: PakFile 'C:/Program Files/Epic Games/UE_4.27/FeaturePacks/TP_HandheldARBP.upack' (chunk index -1, root 'root:/') mounted
[2022.12.13-22.33.39:290][  0]LogShaderLibrary: Display: ShaderCodeLibraryPakFileMountedCallback: pending pak file info (ChunkID:-1 Root:root:/ File:C:/Program Files/Epic Games/UE_4.27/FeaturePacks/TP_HandheldARBP.upack)
[2022.12.13-22.33.39:290][  0]LogPakFile: OnPakFileMounted2Time == 0.000103
[2022.12.13-22.33.39:299][  0]LogPakFile: PakFile PrimaryIndexSize=182
[2022.12.13-22.33.39:299][  0]LogPakFile: PakFile PathHashIndexSize=101
[2022.12.13-22.33.39:299][  0]LogPakFile: PakFile FullDirectoryIndexSize=138
[2022.12.13-22.33.39:299][  0]LogShaderLibrary: Display: ShaderCodeLibraryPakFileMountedCallback: PakFile 'C:/Program Files/Epic Games/UE_4.27/FeaturePacks/TP_Puzzle.upack' (chunk index -1, root 'root:/') mounted
[2022.12.13-22.33.39:299][  0]LogShaderLibrary: Display: ShaderCodeLibraryPakFileMountedCallback: pending pak file info (ChunkID:-1 Root:root:/ File:C:/Program Files/Epic Games/UE_4.27/FeaturePacks/TP_Puzzle.upack)
[2022.12.13-22.33.39:299][  0]LogPakFile: OnPakFileMounted2Time == 0.000093
[2022.12.13-22.33.39:305][  0]LogPakFile: PakFile PrimaryIndexSize=184
[2022.12.13-22.33.39:305][  0]LogPakFile: PakFile PathHashIndexSize=101
[2022.12.13-22.33.39:305][  0]LogPakFile: PakFile FullDirectoryIndexSize=142
[2022.12.13-22.33.39:305][  0]LogShaderLibrary: Display: ShaderCodeLibraryPakFileMountedCallback: PakFile 'C:/Program Files/Epic Games/UE_4.27/FeaturePacks/TP_PuzzleBP.upack' (chunk index -1, root 'root:/') mounted
[2022.12.13-22.33.39:305][  0]LogShaderLibrary: Display: ShaderCodeLibraryPakFileMountedCallback: pending pak file info (ChunkID:-1 Root:root:/ File:C:/Program Files/Epic Games/UE_4.27/FeaturePacks/TP_PuzzleBP.upack)
[2022.12.13-22.33.39:305][  0]LogPakFile: OnPakFileMounted2Time == 0.000093
[2022.12.13-22.33.39:312][  0]LogPakFile: PakFile PrimaryIndexSize=183
[2022.12.13-22.33.39:312][  0]LogPakFile: PakFile PathHashIndexSize=101
[2022.12.13-22.33.39:312][  0]LogPakFile: PakFile FullDirectoryIndexSize=140
[2022.12.13-22.33.39:312][  0]LogShaderLibrary: Display: ShaderCodeLibraryPakFileMountedCallback: PakFile 'C:/Program Files/Epic Games/UE_4.27/FeaturePacks/TP_Rolling.upack' (chunk index -1, root 'root:/') mounted
[2022.12.13-22.33.39:312][  0]LogShaderLibrary: Display: ShaderCodeLibraryPakFileMountedCallback: pending pak file info (ChunkID:-1 Root:root:/ File:C:/Program Files/Epic Games/UE_4.27/FeaturePacks/TP_Rolling.upack)
[2022.12.13-22.33.39:312][  0]LogPakFile: OnPakFileMounted2Time == 0.000099
[2022.12.13-22.33.39:319][  0]LogPakFile: PakFile PrimaryIndexSize=185
[2022.12.13-22.33.39:319][  0]LogPakFile: PakFile PathHashIndexSize=101
[2022.12.13-22.33.39:319][  0]LogPakFile: PakFile FullDirectoryIndexSize=144
[2022.12.13-22.33.39:319][  0]LogShaderLibrary: Display: ShaderCodeLibraryPakFileMountedCallback: PakFile 'C:/Program Files/Epic Games/UE_4.27/FeaturePacks/TP_RollingBP.upack' (chunk index -1, root 'root:/') mounted
[2022.12.13-22.33.39:319][  0]LogShaderLibrary: Display: ShaderCodeLibraryPakFileMountedCallback: pending pak file info (ChunkID:-1 Root:root:/ File:C:/Program Files/Epic Games/UE_4.27/FeaturePacks/TP_RollingBP.upack)
[2022.12.13-22.33.39:320][  0]LogPakFile: OnPakFileMounted2Time == 0.000086
[2022.12.13-22.33.39:326][  0]LogPakFile: PakFile PrimaryIndexSize=188
[2022.12.13-22.33.39:326][  0]LogPakFile: PakFile PathHashIndexSize=101
[2022.12.13-22.33.39:326][  0]LogPakFile: PakFile FullDirectoryIndexSize=150
[2022.12.13-22.33.39:326][  0]LogShaderLibrary: Display: ShaderCodeLibraryPakFileMountedCallback: PakFile 'C:/Program Files/Epic Games/UE_4.27/FeaturePacks/TP_SideScroller.upack' (chunk index -1, root 'root:/') mounted
[2022.12.13-22.33.39:326][  0]LogShaderLibrary: Display: ShaderCodeLibraryPakFileMountedCallback: pending pak file info (ChunkID:-1 Root:root:/ File:C:/Program Files/Epic Games/UE_4.27/FeaturePacks/TP_SideScroller.upack)
[2022.12.13-22.33.39:326][  0]LogPakFile: OnPakFileMounted2Time == 0.000082
[2022.12.13-22.33.39:334][  0]LogPakFile: PakFile PrimaryIndexSize=190
[2022.12.13-22.33.39:334][  0]LogPakFile: PakFile PathHashIndexSize=101
[2022.12.13-22.33.39:334][  0]LogPakFile: PakFile FullDirectoryIndexSize=154
[2022.12.13-22.33.39:334][  0]LogShaderLibrary: Display: ShaderCodeLibraryPakFileMountedCallback: PakFile 'C:/Program Files/Epic Games/UE_4.27/FeaturePacks/TP_SideScrollerBP.upack' (chunk index -1, root 'root:/') mounted
[2022.12.13-22.33.39:334][  0]LogShaderLibrary: Display: ShaderCodeLibraryPakFileMountedCallback: pending pak file info (ChunkID:-1 Root:root:/ File:C:/Program Files/Epic Games/UE_4.27/FeaturePacks/TP_SideScrollerBP.upack)
[2022.12.13-22.33.39:334][  0]LogPakFile: OnPakFileMounted2Time == 0.000103
[2022.12.13-22.33.39:341][  0]LogPakFile: PakFile PrimaryIndexSize=187
[2022.12.13-22.33.39:341][  0]LogPakFile: PakFile PathHashIndexSize=101
[2022.12.13-22.33.39:341][  0]LogPakFile: PakFile FullDirectoryIndexSize=148
[2022.12.13-22.33.39:341][  0]LogShaderLibrary: Display: ShaderCodeLibraryPakFileMountedCallback: PakFile 'C:/Program Files/Epic Games/UE_4.27/FeaturePacks/TP_ThirdPerson.upack' (chunk index -1, root 'root:/') mounted
[2022.12.13-22.33.39:341][  0]LogShaderLibrary: Display: ShaderCodeLibraryPakFileMountedCallback: pending pak file info (ChunkID:-1 Root:root:/ File:C:/Program Files/Epic Games/UE_4.27/FeaturePacks/TP_ThirdPerson.upack)
[2022.12.13-22.33.39:341][  0]LogPakFile: OnPakFileMounted2Time == 0.000095
[2022.12.13-22.33.39:348][  0]LogPakFile: PakFile PrimaryIndexSize=189
[2022.12.13-22.33.39:348][  0]LogPakFile: PakFile PathHashIndexSize=101
[2022.12.13-22.33.39:348][  0]LogPakFile: PakFile FullDirectoryIndexSize=152
[2022.12.13-22.33.39:348][  0]LogShaderLibrary: Display: ShaderCodeLibraryPakFileMountedCallback: PakFile 'C:/Program Files/Epic Games/UE_4.27/FeaturePacks/TP_ThirdPersonBP.upack' (chunk index -1, root 'root:/') mounted
[2022.12.13-22.33.39:348][  0]LogShaderLibrary: Display: ShaderCodeLibraryPakFileMountedCallback: pending pak file info (ChunkID:-1 Root:root:/ File:C:/Program Files/Epic Games/UE_4.27/FeaturePacks/TP_ThirdPersonBP.upack)
[2022.12.13-22.33.39:348][  0]LogPakFile: OnPakFileMounted2Time == 0.000082
[2022.12.13-22.33.39:354][  0]LogPakFile: PakFile PrimaryIndexSize=183
[2022.12.13-22.33.39:354][  0]LogPakFile: PakFile PathHashIndexSize=101
[2022.12.13-22.33.39:354][  0]LogPakFile: PakFile FullDirectoryIndexSize=140
[2022.12.13-22.33.39:354][  0]LogShaderLibrary: Display: ShaderCodeLibraryPakFileMountedCallback: PakFile 'C:/Program Files/Epic Games/UE_4.27/FeaturePacks/TP_TopDown.upack' (chunk index -1, root 'root:/') mounted
[2022.12.13-22.33.39:354][  0]LogShaderLibrary: Display: ShaderCodeLibraryPakFileMountedCallback: pending pak file info (ChunkID:-1 Root:root:/ File:C:/Program Files/Epic Games/UE_4.27/FeaturePacks/TP_TopDown.upack)
[2022.12.13-22.33.39:354][  0]LogPakFile: OnPakFileMounted2Time == 0.000110
[2022.12.13-22.33.39:361][  0]LogPakFile: PakFile PrimaryIndexSize=185
[2022.12.13-22.33.39:361][  0]LogPakFile: PakFile PathHashIndexSize=101
[2022.12.13-22.33.39:361][  0]LogPakFile: PakFile FullDirectoryIndexSize=144
[2022.12.13-22.33.39:361][  0]LogShaderLibrary: Display: ShaderCodeLibraryPakFileMountedCallback: PakFile 'C:/Program Files/Epic Games/UE_4.27/FeaturePacks/TP_TopDownBP.upack' (chunk index -1, root 'root:/') mounted
[2022.12.13-22.33.39:361][  0]LogShaderLibrary: Display: ShaderCodeLibraryPakFileMountedCallback: pending pak file info (ChunkID:-1 Root:root:/ File:C:/Program Files/Epic Games/UE_4.27/FeaturePacks/TP_TopDownBP.upack)
[2022.12.13-22.33.39:361][  0]LogPakFile: OnPakFileMounted2Time == 0.000090
[2022.12.13-22.33.39:372][  0]LogPakFile: PakFile PrimaryIndexSize=185
[2022.12.13-22.33.39:372][  0]LogPakFile: PakFile PathHashIndexSize=101
[2022.12.13-22.33.39:372][  0]LogPakFile: PakFile FullDirectoryIndexSize=144
[2022.12.13-22.33.39:372][  0]LogShaderLibrary: Display: ShaderCodeLibraryPakFileMountedCallback: PakFile 'C:/Program Files/Epic Games/UE_4.27/FeaturePacks/TP_TwinStick.upack' (chunk index -1, root 'root:/') mounted
[2022.12.13-22.33.39:372][  0]LogShaderLibrary: Display: ShaderCodeLibraryPakFileMountedCallback: pending pak file info (ChunkID:-1 Root:root:/ File:C:/Program Files/Epic Games/UE_4.27/FeaturePacks/TP_TwinStick.upack)
[2022.12.13-22.33.39:372][  0]LogPakFile: OnPakFileMounted2Time == 0.000096
[2022.12.13-22.33.39:379][  0]LogPakFile: PakFile PrimaryIndexSize=187
[2022.12.13-22.33.39:379][  0]LogPakFile: PakFile PathHashIndexSize=101
[2022.12.13-22.33.39:379][  0]LogPakFile: PakFile FullDirectoryIndexSize=148
[2022.12.13-22.33.39:379][  0]LogShaderLibrary: Display: ShaderCodeLibraryPakFileMountedCallback: PakFile 'C:/Program Files/Epic Games/UE_4.27/FeaturePacks/TP_TwinStickBP.upack' (chunk index -1, root 'root:/') mounted
[2022.12.13-22.33.39:379][  0]LogShaderLibrary: Display: ShaderCodeLibraryPakFileMountedCallback: pending pak file info (ChunkID:-1 Root:root:/ File:C:/Program Files/Epic Games/UE_4.27/FeaturePacks/TP_TwinStickBP.upack)
[2022.12.13-22.33.39:379][  0]LogPakFile: OnPakFileMounted2Time == 0.000092
[2022.12.13-22.33.39:386][  0]LogPakFile: PakFile PrimaryIndexSize=183
[2022.12.13-22.33.39:386][  0]LogPakFile: PakFile PathHashIndexSize=101
[2022.12.13-22.33.39:386][  0]LogPakFile: PakFile FullDirectoryIndexSize=140
[2022.12.13-22.33.39:386][  0]LogShaderLibrary: Display: ShaderCodeLibraryPakFileMountedCallback: PakFile 'C:/Program Files/Epic Games/UE_4.27/FeaturePacks/TP_Vehicle.upack' (chunk index -1, root 'root:/') mounted
[2022.12.13-22.33.39:386][  0]LogShaderLibrary: Display: ShaderCodeLibraryPakFileMountedCallback: pending pak file info (ChunkID:-1 Root:root:/ File:C:/Program Files/Epic Games/UE_4.27/FeaturePacks/TP_Vehicle.upack)
[2022.12.13-22.33.39:386][  0]LogPakFile: OnPakFileMounted2Time == 0.000082
[2022.12.13-22.33.39:393][  0]LogPakFile: PakFile PrimaryIndexSize=186
[2022.12.13-22.33.39:393][  0]LogPakFile: PakFile PathHashIndexSize=101
[2022.12.13-22.33.39:393][  0]LogPakFile: PakFile FullDirectoryIndexSize=146
[2022.12.13-22.33.39:393][  0]LogShaderLibrary: Display: ShaderCodeLibraryPakFileMountedCallback: PakFile 'C:/Program Files/Epic Games/UE_4.27/FeaturePacks/TP_VehicleAdv.upack' (chunk index -1, root 'root:/') mounted
[2022.12.13-22.33.39:393][  0]LogShaderLibrary: Display: ShaderCodeLibraryPakFileMountedCallback: pending pak file info (ChunkID:-1 Root:root:/ File:C:/Program Files/Epic Games/UE_4.27/FeaturePacks/TP_VehicleAdv.upack)
[2022.12.13-22.33.39:393][  0]LogPakFile: OnPakFileMounted2Time == 0.000102
[2022.12.13-22.33.39:400][  0]LogPakFile: PakFile PrimaryIndexSize=188
[2022.12.13-22.33.39:400][  0]LogPakFile: PakFile PathHashIndexSize=101
[2022.12.13-22.33.39:400][  0]LogPakFile: PakFile FullDirectoryIndexSize=150
[2022.12.13-22.33.39:400][  0]LogShaderLibrary: Display: ShaderCodeLibraryPakFileMountedCallback: PakFile 'C:/Program Files/Epic Games/UE_4.27/FeaturePacks/TP_VehicleAdvBP.upack' (chunk index -1, root 'root:/') mounted
[2022.12.13-22.33.39:400][  0]LogShaderLibrary: Display: ShaderCodeLibraryPakFileMountedCallback: pending pak file info (ChunkID:-1 Root:root:/ File:C:/Program Files/Epic Games/UE_4.27/FeaturePacks/TP_VehicleAdvBP.upack)
[2022.12.13-22.33.39:400][  0]LogPakFile: OnPakFileMounted2Time == 0.000082
[2022.12.13-22.33.39:407][  0]LogPakFile: PakFile PrimaryIndexSize=185
[2022.12.13-22.33.39:407][  0]LogPakFile: PakFile PathHashIndexSize=101
[2022.12.13-22.33.39:407][  0]LogPakFile: PakFile FullDirectoryIndexSize=144
[2022.12.13-22.33.39:407][  0]LogShaderLibrary: Display: ShaderCodeLibraryPakFileMountedCallback: PakFile 'C:/Program Files/Epic Games/UE_4.27/FeaturePacks/TP_VehicleBP.upack' (chunk index -1, root 'root:/') mounted
[2022.12.13-22.33.39:407][  0]LogShaderLibrary: Display: ShaderCodeLibraryPakFileMountedCallback: pending pak file info (ChunkID:-1 Root:root:/ File:C:/Program Files/Epic Games/UE_4.27/FeaturePacks/TP_VehicleBP.upack)
[2022.12.13-22.33.39:407][  0]LogPakFile: OnPakFileMounted2Time == 0.000082
[2022.12.13-22.33.39:414][  0]LogPakFile: PakFile PrimaryIndexSize=192
[2022.12.13-22.33.39:414][  0]LogPakFile: PakFile PathHashIndexSize=101
[2022.12.13-22.33.39:414][  0]LogPakFile: PakFile FullDirectoryIndexSize=158
[2022.12.13-22.33.39:414][  0]LogShaderLibrary: Display: ShaderCodeLibraryPakFileMountedCallback: PakFile 'C:/Program Files/Epic Games/UE_4.27/FeaturePacks/TP_VirtualRealityBP.upack' (chunk index -1, root 'root:/') mounted
[2022.12.13-22.33.39:414][  0]LogShaderLibrary: Display: ShaderCodeLibraryPakFileMountedCallback: pending pak file info (ChunkID:-1 Root:root:/ File:C:/Program Files/Epic Games/UE_4.27/FeaturePacks/TP_VirtualRealityBP.upack)
[2022.12.13-22.33.39:414][  0]LogPakFile: OnPakFileMounted2Time == 0.000082
[2022.12.13-22.33.39:685][  0]LogNativeClassHierarchy: Verbose: Native class hierarchy updated for 'AddContentDialog' in 0.0005 seconds. Added 0 classes and 0 folders.
[2022.12.13-22.33.39:690][  0]LogNativeClassHierarchy: Verbose: Native class hierarchy updated for 'SceneOutliner' in 0.0004 seconds. Added 2 classes and 0 folders.
[2022.12.13-22.33.39:775][  0]LogSlate: Took 0.009725 seconds to synchronously load lazily loaded font '../../../Engine/Content/Editor/Slate/Fonts/FontAwesome.ttf' (139K)
[2022.12.13-22.33.39:784][  0]LogSlate: Took 0.008170 seconds to synchronously load lazily loaded font '../../../Engine/Content/Slate/Fonts/Roboto-Bold.ttf' (160K)
[2022.12.13-22.33.39:898][  0]LogRenderer: Reallocating scene render targets to support 856x372 Format 10 NumSamples 1 (Frame:1).
[2022.12.13-22.33.39:988][  0]LogSlate: Took 0.008202 seconds to synchronously load lazily loaded font '../../../Engine/Content/Slate/Fonts/Roboto-Light.ttf' (167K)
[2022.12.13-22.33.40:084][  0]LogNativeClassHierarchy: Verbose: Native class hierarchy updated for 'HierarchicalLODOutliner' in 0.0005 seconds. Added 0 classes and 0 folders.
[2022.12.13-22.33.40:084][  0]LogLoad: (Engine Initialization) Total time: 85.55 seconds
[2022.12.13-22.33.40:084][  0]LogLoad: (Engine Initialization) Total Blueprint compile time: 0.00 seconds
[2022.12.13-22.33.40:170][  0]LogActor: Warning: Brick /Engine/Transient.World_0:PersistentLevel.Brick_0 has natively added scene component(s), but none of them were set as the actor's RootComponent - picking one arbitrarily
[2022.12.13-22.33.40:216][  0]LogAssetRegistry: Asset discovery search completed in 73.5826 seconds
[2022.12.13-22.33.40:223][  0]LogCollectionManager: Fixed up redirectors for 0 collections in 0.000004 seconds (updated 0 objects)
[2022.12.13-22.33.40:226][  0]LogContentStreaming: Texture pool size now 1000 MB
[2022.12.13-22.33.40:321][  0]LogSlate: Took 0.010268 seconds to synchronously load lazily loaded font '../../../Engine/Content/Slate/Fonts/DroidSansMono.ttf' (77K)
[2022.12.13-22.33.42:510][115]LogSlate: Window 'Registro del mensaje' being destroyed
[2022.12.13-22.33.42:515][115]LogSlate: Window 'Registro del mensaje' being destroyed
[2022.12.13-22.33.59:639][369]LogSlate: Window 'Open Level' being destroyed
[2022.12.13-22.34.46:182][492]LogSlate: Window 'Inicio de sesión del control del código fuente' being destroyed
